17:22:07 INFO  : Launching XSCT server: xsct.bat -n  -interactive D:\EmbeddedVitis\custom_ip\user_led\vitis\temp_xsdb_launch_script.tcl
17:22:07 INFO  : Registering command handlers for Vitis TCF services
17:22:09 INFO  : XSCT server has started successfully.
17:22:09 INFO  : Successfully done setting XSCT server connection channel  
17:22:10 INFO  : plnx-install-location is set to ''
17:22:10 INFO  : Successfully done setting workspace for the tool. 
17:22:10 INFO  : Successfully done query RDI_DATADIR 
17:22:11 INFO  : Platform repository initialization has completed.
17:23:32 INFO  : Result from executing command 'getProjects': user_led_wrapper
17:23:32 INFO  : Result from executing command 'getPlatforms': 
17:23:33 WARN  : An unexpected exception occurred in the module 'platform project logging'
17:23:33 INFO  : Platform 'user_led_wrapper' is added to custom repositories.
17:23:40 INFO  : Platform 'user_led_wrapper' is added to custom repositories.
17:25:24 INFO  : Result from executing command 'getProjects': user_led_wrapper
17:25:24 INFO  : Result from executing command 'getPlatforms': user_led_wrapper|D:/EmbeddedVitis/custom_ip/user_led/vitis/user_led_wrapper/export/user_led_wrapper/user_led_wrapper.xpfm
17:25:24 INFO  : Checking for BSP changes to sync application flags for project 'use_led'...
17:26:21 INFO  : Connected to target on host '127.0.0.1' and port '3121'.
17:26:30 INFO  : ----------------XSDB Script----------------
connect -url tcp:127.0.0.1:3121
----------------End of Script----------------

17:26:30 ERROR : Could not find ARM device on the board for connection 'Local'.
Check if the target is in:
1. Split JTAG - No operations are possible with ARM DAP.
2. Non JTAG bootmode - Bootrom may need time to enable DAP.
Please try again.


Troubleshooting hints:
1. Check whether board is connected to system properly.
2. In case of zynq board, check whether Digilent/Xilinx cable switch settings are correct.
3. If you are using Xilinx Platform Cable USB, ensure that status LED is green.
17:26:41 INFO  : Connected to target on host '127.0.0.1' and port '3121'.
17:26:42 INFO  : Jtag cable 'Digilent JTAG-SMT2 210251A08870' is selected.
17:26:42 INFO  : 'jtag frequency' command is executed.
17:26:42 INFO  : Context for 'APU' is selected.
17:26:42 INFO  : System reset is completed.
17:26:45 INFO  : 'after 3000' command is executed.
17:26:45 INFO  : 'targets -set -filter {jtag_cable_name =~ "Digilent JTAG-SMT2 210251A08870" && level==0 && jtag_device_ctx=="jsn-JTAG-SMT2-210251A08870-13722093-0"}' command is executed.
17:26:46 INFO  : Device configured successfully with "D:/EmbeddedVitis/custom_ip/user_led/vitis/use_led/_ide/bitstream/user_led_wrapper.bit"
17:26:46 INFO  : Context for 'APU' is selected.
17:26:46 INFO  : Hardware design and registers information is loaded from 'D:/EmbeddedVitis/custom_ip/user_led/vitis/user_led_wrapper/export/user_led_wrapper/hw/user_led_wrapper.xsa'.
17:26:46 INFO  : 'configparams force-mem-access 1' command is executed.
17:26:46 INFO  : Context for 'APU' is selected.
17:26:46 INFO  : Sourcing of 'D:/EmbeddedVitis/custom_ip/user_led/vitis/use_led/_ide/psinit/ps7_init.tcl' is done.
17:26:46 INFO  : 'ps7_init' command is executed.
17:26:46 INFO  : 'ps7_post_config' command is executed.
17:26:46 INFO  : Context for processor 'ps7_cortexa9_0' is selected.
17:26:47 INFO  : The application 'D:/EmbeddedVitis/custom_ip/user_led/vitis/use_led/Debug/use_led.elf' is downloaded to processor 'ps7_cortexa9_0'.
17:26:47 INFO  : 'configparams force-mem-access 0' command is executed.
17:26:47 INFO  : ----------------XSDB Script----------------
connect -url tcp:127.0.0.1:3121
targets -set -nocase -filter {name =~"APU*"}
rst -system
after 3000
targets -set -filter {jtag_cable_name =~ "Digilent JTAG-SMT2 210251A08870" && level==0 && jtag_device_ctx=="jsn-JTAG-SMT2-210251A08870-13722093-0"}
fpga -file D:/EmbeddedVitis/custom_ip/user_led/vitis/use_led/_ide/bitstream/user_led_wrapper.bit
targets -set -nocase -filter {name =~"APU*"}
loadhw -hw D:/EmbeddedVitis/custom_ip/user_led/vitis/user_led_wrapper/export/user_led_wrapper/hw/user_led_wrapper.xsa -mem-ranges [list {0x40000000 0xbfffffff}] -regs
configparams force-mem-access 1
targets -set -nocase -filter {name =~"APU*"}
source D:/EmbeddedVitis/custom_ip/user_led/vitis/use_led/_ide/psinit/ps7_init.tcl
ps7_init
ps7_post_config
targets -set -nocase -filter {name =~ "*A9*#0"}
dow D:/EmbeddedVitis/custom_ip/user_led/vitis/use_led/Debug/use_led.elf
configparams force-mem-access 0
----------------End of Script----------------

17:26:47 INFO  : Context for processor 'ps7_cortexa9_0' is selected.
17:26:47 INFO  : 'con' command is executed.
17:26:47 INFO  : ----------------XSDB Script (After Launch)----------------
targets -set -nocase -filter {name =~ "*A9*#0"}
con
----------------End of Script----------------

17:26:47 INFO  : Launch script is exported to file 'D:\EmbeddedVitis\custom_ip\user_led\vitis\use_led_system\_ide\scripts\debugger_use_led-default.tcl'
16:17:35 INFO  : Disconnected from the channel tcfchan#2.
