16:13:52 INFO  : Launching XSCT server: xsct.bat -n  -interactive D:\EmbeddedVitis\axi_dma_loop\vitis\temp_xsdb_launch_script.tcl
16:13:53 INFO  : Registering command handlers for Vitis TCF services
16:13:56 INFO  : Platform repository initialization has completed.
16:13:56 INFO  : XSCT server has started successfully.
16:13:56 INFO  : Successfully done setting XSCT server connection channel  
16:14:01 INFO  : plnx-install-location is set to ''
16:14:01 INFO  : Successfully done setting workspace for the tool. 
16:14:01 INFO  : Successfully done query RDI_DATADIR 
16:14:40 INFO  : Result from executing command 'getProjects': axi_dma_loop_wrapper
16:14:40 INFO  : Result from executing command 'getPlatforms': 
16:14:40 WARN  : An unexpected exception occurred in the module 'platform project logging'
16:14:40 INFO  : Platform 'axi_dma_loop_wrapper' is added to custom repositories.
16:14:48 INFO  : Platform 'axi_dma_loop_wrapper' is added to custom repositories.
14:33:45 INFO  : Result from executing command 'getProjects': axi_dma_loop_wrapper
14:33:45 INFO  : Result from executing command 'getPlatforms': axi_dma_loop_wrapper|D:/EmbeddedVitis/axi_dma_loop/vitis/axi_dma_loop_wrapper/export/axi_dma_loop_wrapper/axi_dma_loop_wrapper.xpfm
14:33:45 INFO  : Checking for BSP changes to sync application flags for project 'axi_dma_loop'...
14:33:56 INFO  : Connected to target on host '127.0.0.1' and port '3121'.
14:33:56 INFO  : Jtag cable 'Digilent JTAG-SMT2 210251A08870' is selected.
14:33:56 INFO  : 'jtag frequency' command is executed.
14:33:56 INFO  : Context for 'APU' is selected.
14:33:56 INFO  : System reset is completed.
14:33:59 INFO  : 'after 3000' command is executed.
14:33:59 INFO  : 'targets -set -filter {jtag_cable_name =~ "Digilent JTAG-SMT2 210251A08870" && level==0 && jtag_device_ctx=="jsn-JTAG-SMT2-210251A08870-13722093-0"}' command is executed.
14:34:01 INFO  : Device configured successfully with "D:/EmbeddedVitis/axi_dma_loop/vitis/axi_dma_loop/_ide/bitstream/axi_dma_loop_wrapper.bit"
14:34:01 INFO  : Context for 'APU' is selected.
14:34:01 INFO  : Hardware design and registers information is loaded from 'D:/EmbeddedVitis/axi_dma_loop/vitis/axi_dma_loop_wrapper/export/axi_dma_loop_wrapper/hw/axi_dma_loop_wrapper.xsa'.
14:34:01 INFO  : 'configparams force-mem-access 1' command is executed.
14:34:01 INFO  : Context for 'APU' is selected.
14:34:01 INFO  : Sourcing of 'D:/EmbeddedVitis/axi_dma_loop/vitis/axi_dma_loop/_ide/psinit/ps7_init.tcl' is done.
14:34:01 INFO  : 'ps7_init' command is executed.
14:34:01 INFO  : 'ps7_post_config' command is executed.
14:34:01 INFO  : Context for processor 'ps7_cortexa9_0' is selected.
14:34:01 INFO  : The application 'D:/EmbeddedVitis/axi_dma_loop/vitis/axi_dma_loop/Debug/axi_dma_loop.elf' is downloaded to processor 'ps7_cortexa9_0'.
14:34:01 INFO  : 'configparams force-mem-access 0' command is executed.
14:34:01 INFO  : ----------------XSDB Script----------------
connect -url tcp:127.0.0.1:3121
targets -set -nocase -filter {name =~"APU*"}
rst -system
after 3000
targets -set -filter {jtag_cable_name =~ "Digilent JTAG-SMT2 210251A08870" && level==0 && jtag_device_ctx=="jsn-JTAG-SMT2-210251A08870-13722093-0"}
fpga -file D:/EmbeddedVitis/axi_dma_loop/vitis/axi_dma_loop/_ide/bitstream/axi_dma_loop_wrapper.bit
targets -set -nocase -filter {name =~"APU*"}
loadhw -hw D:/EmbeddedVitis/axi_dma_loop/vitis/axi_dma_loop_wrapper/export/axi_dma_loop_wrapper/hw/axi_dma_loop_wrapper.xsa -mem-ranges [list {0x40000000 0xbfffffff}] -regs
configparams force-mem-access 1
targets -set -nocase -filter {name =~"APU*"}
source D:/EmbeddedVitis/axi_dma_loop/vitis/axi_dma_loop/_ide/psinit/ps7_init.tcl
ps7_init
ps7_post_config
targets -set -nocase -filter {name =~ "*A9*#0"}
dow D:/EmbeddedVitis/axi_dma_loop/vitis/axi_dma_loop/Debug/axi_dma_loop.elf
configparams force-mem-access 0
----------------End of Script----------------

14:34:02 INFO  : Context for processor 'ps7_cortexa9_0' is selected.
14:34:02 INFO  : 'con' command is executed.
14:34:02 INFO  : ----------------XSDB Script (After Launch)----------------
targets -set -nocase -filter {name =~ "*A9*#0"}
con
----------------End of Script----------------

14:34:02 INFO  : Launch script is exported to file 'D:\EmbeddedVitis\axi_dma_loop\vitis\axi_dma_loop_system\_ide\scripts\debugger_axi_dma_loop-default.tcl'
14:37:00 INFO  : Disconnected from the channel tcfchan#2.
14:37:01 INFO  : Connected to target on host '127.0.0.1' and port '3121'.
14:37:02 INFO  : Jtag cable 'Digilent JTAG-SMT2 210251A08870' is selected.
14:37:02 INFO  : 'jtag frequency' command is executed.
14:37:02 INFO  : Context for 'APU' is selected.
14:37:02 INFO  : System reset is completed.
14:37:05 INFO  : 'after 3000' command is executed.
14:37:05 INFO  : 'targets -set -filter {jtag_cable_name =~ "Digilent JTAG-SMT2 210251A08870" && level==0 && jtag_device_ctx=="jsn-JTAG-SMT2-210251A08870-13722093-0"}' command is executed.
14:37:06 INFO  : Device configured successfully with "D:/EmbeddedVitis/axi_dma_loop/vitis/axi_dma_loop/_ide/bitstream/axi_dma_loop_wrapper.bit"
14:37:06 INFO  : Context for 'APU' is selected.
14:37:06 INFO  : Hardware design and registers information is loaded from 'D:/EmbeddedVitis/axi_dma_loop/vitis/axi_dma_loop_wrapper/export/axi_dma_loop_wrapper/hw/axi_dma_loop_wrapper.xsa'.
14:37:06 INFO  : 'configparams force-mem-access 1' command is executed.
14:37:06 INFO  : Context for 'APU' is selected.
14:37:06 INFO  : Sourcing of 'D:/EmbeddedVitis/axi_dma_loop/vitis/axi_dma_loop/_ide/psinit/ps7_init.tcl' is done.
14:37:06 INFO  : 'ps7_init' command is executed.
14:37:06 INFO  : 'ps7_post_config' command is executed.
14:37:06 INFO  : Context for processor 'ps7_cortexa9_0' is selected.
14:37:07 INFO  : The application 'D:/EmbeddedVitis/axi_dma_loop/vitis/axi_dma_loop/Debug/axi_dma_loop.elf' is downloaded to processor 'ps7_cortexa9_0'.
14:37:07 INFO  : 'configparams force-mem-access 0' command is executed.
14:37:07 INFO  : ----------------XSDB Script----------------
connect -url tcp:127.0.0.1:3121
targets -set -nocase -filter {name =~"APU*"}
rst -system
after 3000
targets -set -filter {jtag_cable_name =~ "Digilent JTAG-SMT2 210251A08870" && level==0 && jtag_device_ctx=="jsn-JTAG-SMT2-210251A08870-13722093-0"}
fpga -file D:/EmbeddedVitis/axi_dma_loop/vitis/axi_dma_loop/_ide/bitstream/axi_dma_loop_wrapper.bit
targets -set -nocase -filter {name =~"APU*"}
loadhw -hw D:/EmbeddedVitis/axi_dma_loop/vitis/axi_dma_loop_wrapper/export/axi_dma_loop_wrapper/hw/axi_dma_loop_wrapper.xsa -mem-ranges [list {0x40000000 0xbfffffff}] -regs
configparams force-mem-access 1
targets -set -nocase -filter {name =~"APU*"}
source D:/EmbeddedVitis/axi_dma_loop/vitis/axi_dma_loop/_ide/psinit/ps7_init.tcl
ps7_init
ps7_post_config
targets -set -nocase -filter {name =~ "*A9*#0"}
dow D:/EmbeddedVitis/axi_dma_loop/vitis/axi_dma_loop/Debug/axi_dma_loop.elf
configparams force-mem-access 0
----------------End of Script----------------

14:37:07 INFO  : Context for processor 'ps7_cortexa9_0' is selected.
14:37:07 INFO  : 'con' command is executed.
14:37:07 INFO  : ----------------XSDB Script (After Launch)----------------
targets -set -nocase -filter {name =~ "*A9*#0"}
con
----------------End of Script----------------

14:37:07 INFO  : Launch script is exported to file 'D:\EmbeddedVitis\axi_dma_loop\vitis\axi_dma_loop_system\_ide\scripts\debugger_axi_dma_loop-default.tcl'
14:41:25 INFO  : Disconnected from the channel tcfchan#3.
14:46:17 INFO  : Launching XSCT server: xsct.bat -n  -interactive D:\EmbeddedVitis\axi_dma_loop\vitis\temp_xsdb_launch_script.tcl
14:46:19 INFO  : XSCT server has started successfully.
14:46:19 INFO  : plnx-install-location is set to ''
14:46:19 INFO  : Successfully done setting XSCT server connection channel  
14:46:19 INFO  : Successfully done setting workspace for the tool. 
14:46:26 INFO  : Platform repository initialization has completed.
14:46:27 INFO  : Registering command handlers for Vitis TCF services
14:46:31 INFO  : Successfully done query RDI_DATADIR 
14:47:07 INFO  : Launching XSCT server: xsct.bat -n  -interactive D:\EmbeddedVitis\axi_dma_loop\vitis\temp_xsdb_launch_script.tcl
14:47:09 INFO  : XSCT server has started successfully.
14:47:09 INFO  : Successfully done setting XSCT server connection channel  
14:47:09 INFO  : plnx-install-location is set to ''
14:47:09 INFO  : Successfully done setting workspace for the tool. 
14:47:14 INFO  : Platform repository initialization has completed.
14:47:14 INFO  : Successfully done query RDI_DATADIR 
14:47:15 INFO  : Registering command handlers for Vitis TCF services
14:47:37 INFO  : Result from executing command 'getProjects': axi_dma_loop_wrapper
14:47:37 INFO  : Result from executing command 'getPlatforms': axi_dma_loop_wrapper|D:/EmbeddedVitis/axi_dma_loop/vitis/axi_dma_loop_wrapper/export/axi_dma_loop_wrapper/axi_dma_loop_wrapper.xpfm
14:47:38 INFO  : Checking for BSP changes to sync application flags for project 'axi_dma_loop'...
14:48:13 INFO  : Connected to target on host '127.0.0.1' and port '3121'.
14:48:13 INFO  : Jtag cable 'Digilent JTAG-SMT2 210251A08870' is selected.
14:48:13 INFO  : 'jtag frequency' command is executed.
14:48:13 INFO  : Context for 'APU' is selected.
14:48:13 INFO  : System reset is completed.
14:48:16 INFO  : 'after 3000' command is executed.
14:48:17 INFO  : 'targets -set -filter {jtag_cable_name =~ "Digilent JTAG-SMT2 210251A08870" && level==0 && jtag_device_ctx=="jsn-JTAG-SMT2-210251A08870-13722093-0"}' command is executed.
14:48:18 INFO  : Device configured successfully with "D:/EmbeddedVitis/axi_dma_loop/vitis/axi_dma_loop/_ide/bitstream/axi_dma_loop_wrapper.bit"
14:48:18 INFO  : Context for 'APU' is selected.
14:48:18 INFO  : Hardware design and registers information is loaded from 'D:/EmbeddedVitis/axi_dma_loop/vitis/axi_dma_loop_wrapper/export/axi_dma_loop_wrapper/hw/axi_dma_loop_wrapper.xsa'.
14:48:18 INFO  : 'configparams force-mem-access 1' command is executed.
14:48:18 INFO  : Context for 'APU' is selected.
14:48:18 INFO  : Sourcing of 'D:/EmbeddedVitis/axi_dma_loop/vitis/axi_dma_loop/_ide/psinit/ps7_init.tcl' is done.
14:48:18 INFO  : 'ps7_init' command is executed.
14:48:18 INFO  : 'ps7_post_config' command is executed.
14:48:18 INFO  : Context for processor 'ps7_cortexa9_0' is selected.
14:48:18 INFO  : The application 'D:/EmbeddedVitis/axi_dma_loop/vitis/axi_dma_loop/Debug/axi_dma_loop.elf' is downloaded to processor 'ps7_cortexa9_0'.
14:48:18 INFO  : 'configparams force-mem-access 0' command is executed.
14:48:18 INFO  : ----------------XSDB Script----------------
connect -url tcp:127.0.0.1:3121
targets -set -nocase -filter {name =~"APU*"}
rst -system
after 3000
targets -set -filter {jtag_cable_name =~ "Digilent JTAG-SMT2 210251A08870" && level==0 && jtag_device_ctx=="jsn-JTAG-SMT2-210251A08870-13722093-0"}
fpga -file D:/EmbeddedVitis/axi_dma_loop/vitis/axi_dma_loop/_ide/bitstream/axi_dma_loop_wrapper.bit
targets -set -nocase -filter {name =~"APU*"}
loadhw -hw D:/EmbeddedVitis/axi_dma_loop/vitis/axi_dma_loop_wrapper/export/axi_dma_loop_wrapper/hw/axi_dma_loop_wrapper.xsa -mem-ranges [list {0x40000000 0xbfffffff}] -regs
configparams force-mem-access 1
targets -set -nocase -filter {name =~"APU*"}
source D:/EmbeddedVitis/axi_dma_loop/vitis/axi_dma_loop/_ide/psinit/ps7_init.tcl
ps7_init
ps7_post_config
targets -set -nocase -filter {name =~ "*A9*#0"}
dow D:/EmbeddedVitis/axi_dma_loop/vitis/axi_dma_loop/Debug/axi_dma_loop.elf
configparams force-mem-access 0
----------------End of Script----------------

14:48:19 INFO  : Context for processor 'ps7_cortexa9_0' is selected.
14:48:19 INFO  : 'con' command is executed.
14:48:19 INFO  : ----------------XSDB Script (After Launch)----------------
targets -set -nocase -filter {name =~ "*A9*#0"}
con
----------------End of Script----------------

14:48:19 INFO  : Launch script is exported to file 'D:\EmbeddedVitis\axi_dma_loop\vitis\axi_dma_loop_system\_ide\scripts\debugger_axi_dma_loop-default.tcl'
14:52:24 INFO  : Disconnected from the channel tcfchan#2.
14:52:25 INFO  : Connected to target on host '127.0.0.1' and port '3121'.
14:52:26 INFO  : Jtag cable 'Digilent JTAG-SMT2 210251A08870' is selected.
14:52:26 INFO  : 'jtag frequency' command is executed.
14:52:26 INFO  : Context for 'APU' is selected.
14:52:26 INFO  : System reset is completed.
14:52:29 INFO  : 'after 3000' command is executed.
14:52:29 INFO  : 'targets -set -filter {jtag_cable_name =~ "Digilent JTAG-SMT2 210251A08870" && level==0 && jtag_device_ctx=="jsn-JTAG-SMT2-210251A08870-13722093-0"}' command is executed.
14:52:30 INFO  : Device configured successfully with "D:/EmbeddedVitis/axi_dma_loop/vitis/axi_dma_loop/_ide/bitstream/axi_dma_loop_wrapper.bit"
14:52:30 INFO  : Context for 'APU' is selected.
14:52:30 INFO  : Hardware design and registers information is loaded from 'D:/EmbeddedVitis/axi_dma_loop/vitis/axi_dma_loop_wrapper/export/axi_dma_loop_wrapper/hw/axi_dma_loop_wrapper.xsa'.
14:52:30 INFO  : 'configparams force-mem-access 1' command is executed.
14:52:30 INFO  : Context for 'APU' is selected.
14:52:30 INFO  : Sourcing of 'D:/EmbeddedVitis/axi_dma_loop/vitis/axi_dma_loop/_ide/psinit/ps7_init.tcl' is done.
14:52:30 INFO  : 'ps7_init' command is executed.
14:52:30 INFO  : 'ps7_post_config' command is executed.
14:52:30 INFO  : Context for processor 'ps7_cortexa9_0' is selected.
14:52:30 INFO  : The application 'D:/EmbeddedVitis/axi_dma_loop/vitis/axi_dma_loop/Debug/axi_dma_loop.elf' is downloaded to processor 'ps7_cortexa9_0'.
14:52:31 INFO  : 'configparams force-mem-access 0' command is executed.
14:52:31 INFO  : ----------------XSDB Script----------------
connect -url tcp:127.0.0.1:3121
targets -set -nocase -filter {name =~"APU*"}
rst -system
after 3000
targets -set -filter {jtag_cable_name =~ "Digilent JTAG-SMT2 210251A08870" && level==0 && jtag_device_ctx=="jsn-JTAG-SMT2-210251A08870-13722093-0"}
fpga -file D:/EmbeddedVitis/axi_dma_loop/vitis/axi_dma_loop/_ide/bitstream/axi_dma_loop_wrapper.bit
targets -set -nocase -filter {name =~"APU*"}
loadhw -hw D:/EmbeddedVitis/axi_dma_loop/vitis/axi_dma_loop_wrapper/export/axi_dma_loop_wrapper/hw/axi_dma_loop_wrapper.xsa -mem-ranges [list {0x40000000 0xbfffffff}] -regs
configparams force-mem-access 1
targets -set -nocase -filter {name =~"APU*"}
source D:/EmbeddedVitis/axi_dma_loop/vitis/axi_dma_loop/_ide/psinit/ps7_init.tcl
ps7_init
ps7_post_config
targets -set -nocase -filter {name =~ "*A9*#0"}
dow D:/EmbeddedVitis/axi_dma_loop/vitis/axi_dma_loop/Debug/axi_dma_loop.elf
configparams force-mem-access 0
----------------End of Script----------------

14:52:31 INFO  : Context for processor 'ps7_cortexa9_0' is selected.
14:52:31 INFO  : 'con' command is executed.
14:52:31 INFO  : ----------------XSDB Script (After Launch)----------------
targets -set -nocase -filter {name =~ "*A9*#0"}
con
----------------End of Script----------------

14:52:31 INFO  : Launch script is exported to file 'D:\EmbeddedVitis\axi_dma_loop\vitis\axi_dma_loop_system\_ide\scripts\debugger_axi_dma_loop-default.tcl'
14:56:18 INFO  : Checking for BSP changes to sync application flags for project 'axi_dma_loop'...
14:56:36 INFO  : Disconnected from the channel tcfchan#3.
14:56:37 INFO  : Connected to target on host '127.0.0.1' and port '3121'.
14:56:37 INFO  : Jtag cable 'Digilent JTAG-SMT2 210251A08870' is selected.
14:56:37 INFO  : 'jtag frequency' command is executed.
14:56:37 INFO  : Context for 'APU' is selected.
14:56:37 INFO  : System reset is completed.
14:56:40 INFO  : 'after 3000' command is executed.
14:56:40 INFO  : 'targets -set -filter {jtag_cable_name =~ "Digilent JTAG-SMT2 210251A08870" && level==0 && jtag_device_ctx=="jsn-JTAG-SMT2-210251A08870-13722093-0"}' command is executed.
14:56:41 INFO  : Device configured successfully with "D:/EmbeddedVitis/axi_dma_loop/vitis/axi_dma_loop/_ide/bitstream/axi_dma_loop_wrapper.bit"
14:56:41 INFO  : Context for 'APU' is selected.
14:56:41 INFO  : Hardware design and registers information is loaded from 'D:/EmbeddedVitis/axi_dma_loop/vitis/axi_dma_loop_wrapper/export/axi_dma_loop_wrapper/hw/axi_dma_loop_wrapper.xsa'.
14:56:41 INFO  : 'configparams force-mem-access 1' command is executed.
14:56:41 INFO  : Context for 'APU' is selected.
14:56:41 INFO  : Sourcing of 'D:/EmbeddedVitis/axi_dma_loop/vitis/axi_dma_loop/_ide/psinit/ps7_init.tcl' is done.
14:56:41 INFO  : 'ps7_init' command is executed.
14:56:41 INFO  : 'ps7_post_config' command is executed.
14:56:41 INFO  : Context for processor 'ps7_cortexa9_0' is selected.
14:56:42 INFO  : The application 'D:/EmbeddedVitis/axi_dma_loop/vitis/axi_dma_loop/Debug/axi_dma_loop.elf' is downloaded to processor 'ps7_cortexa9_0'.
14:56:42 INFO  : 'configparams force-mem-access 0' command is executed.
14:56:42 INFO  : ----------------XSDB Script----------------
connect -url tcp:127.0.0.1:3121
targets -set -nocase -filter {name =~"APU*"}
rst -system
after 3000
targets -set -filter {jtag_cable_name =~ "Digilent JTAG-SMT2 210251A08870" && level==0 && jtag_device_ctx=="jsn-JTAG-SMT2-210251A08870-13722093-0"}
fpga -file D:/EmbeddedVitis/axi_dma_loop/vitis/axi_dma_loop/_ide/bitstream/axi_dma_loop_wrapper.bit
targets -set -nocase -filter {name =~"APU*"}
loadhw -hw D:/EmbeddedVitis/axi_dma_loop/vitis/axi_dma_loop_wrapper/export/axi_dma_loop_wrapper/hw/axi_dma_loop_wrapper.xsa -mem-ranges [list {0x40000000 0xbfffffff}] -regs
configparams force-mem-access 1
targets -set -nocase -filter {name =~"APU*"}
source D:/EmbeddedVitis/axi_dma_loop/vitis/axi_dma_loop/_ide/psinit/ps7_init.tcl
ps7_init
ps7_post_config
targets -set -nocase -filter {name =~ "*A9*#0"}
dow D:/EmbeddedVitis/axi_dma_loop/vitis/axi_dma_loop/Debug/axi_dma_loop.elf
configparams force-mem-access 0
----------------End of Script----------------

14:56:42 INFO  : Context for processor 'ps7_cortexa9_0' is selected.
14:56:42 INFO  : 'con' command is executed.
14:56:42 INFO  : ----------------XSDB Script (After Launch)----------------
targets -set -nocase -filter {name =~ "*A9*#0"}
con
----------------End of Script----------------

14:56:42 INFO  : Launch script is exported to file 'D:\EmbeddedVitis\axi_dma_loop\vitis\axi_dma_loop_system\_ide\scripts\debugger_axi_dma_loop-default.tcl'
14:59:48 INFO  : Checking for BSP changes to sync application flags for project 'axi_dma_loop'...
15:00:08 INFO  : Disconnected from the channel tcfchan#4.
15:00:09 INFO  : Connected to target on host '127.0.0.1' and port '3121'.
15:00:09 INFO  : Jtag cable 'Digilent JTAG-SMT2 210251A08870' is selected.
15:00:09 INFO  : 'jtag frequency' command is executed.
15:00:10 INFO  : Context for 'APU' is selected.
15:00:10 INFO  : System reset is completed.
15:00:13 INFO  : 'after 3000' command is executed.
15:00:13 INFO  : 'targets -set -filter {jtag_cable_name =~ "Digilent JTAG-SMT2 210251A08870" && level==0 && jtag_device_ctx=="jsn-JTAG-SMT2-210251A08870-13722093-0"}' command is executed.
15:00:14 INFO  : Device configured successfully with "D:/EmbeddedVitis/axi_dma_loop/vitis/axi_dma_loop/_ide/bitstream/axi_dma_loop_wrapper.bit"
15:00:14 INFO  : Context for 'APU' is selected.
15:00:14 INFO  : Hardware design and registers information is loaded from 'D:/EmbeddedVitis/axi_dma_loop/vitis/axi_dma_loop_wrapper/export/axi_dma_loop_wrapper/hw/axi_dma_loop_wrapper.xsa'.
15:00:14 INFO  : 'configparams force-mem-access 1' command is executed.
15:00:14 INFO  : Context for 'APU' is selected.
15:00:14 INFO  : Sourcing of 'D:/EmbeddedVitis/axi_dma_loop/vitis/axi_dma_loop/_ide/psinit/ps7_init.tcl' is done.
15:00:14 INFO  : 'ps7_init' command is executed.
15:00:14 INFO  : 'ps7_post_config' command is executed.
15:00:14 INFO  : Context for processor 'ps7_cortexa9_0' is selected.
15:00:14 INFO  : The application 'D:/EmbeddedVitis/axi_dma_loop/vitis/axi_dma_loop/Debug/axi_dma_loop.elf' is downloaded to processor 'ps7_cortexa9_0'.
15:00:14 INFO  : 'configparams force-mem-access 0' command is executed.
15:00:14 INFO  : ----------------XSDB Script----------------
connect -url tcp:127.0.0.1:3121
targets -set -nocase -filter {name =~"APU*"}
rst -system
after 3000
targets -set -filter {jtag_cable_name =~ "Digilent JTAG-SMT2 210251A08870" && level==0 && jtag_device_ctx=="jsn-JTAG-SMT2-210251A08870-13722093-0"}
fpga -file D:/EmbeddedVitis/axi_dma_loop/vitis/axi_dma_loop/_ide/bitstream/axi_dma_loop_wrapper.bit
targets -set -nocase -filter {name =~"APU*"}
loadhw -hw D:/EmbeddedVitis/axi_dma_loop/vitis/axi_dma_loop_wrapper/export/axi_dma_loop_wrapper/hw/axi_dma_loop_wrapper.xsa -mem-ranges [list {0x40000000 0xbfffffff}] -regs
configparams force-mem-access 1
targets -set -nocase -filter {name =~"APU*"}
source D:/EmbeddedVitis/axi_dma_loop/vitis/axi_dma_loop/_ide/psinit/ps7_init.tcl
ps7_init
ps7_post_config
targets -set -nocase -filter {name =~ "*A9*#0"}
dow D:/EmbeddedVitis/axi_dma_loop/vitis/axi_dma_loop/Debug/axi_dma_loop.elf
configparams force-mem-access 0
----------------End of Script----------------

15:00:14 INFO  : Context for processor 'ps7_cortexa9_0' is selected.
15:00:14 INFO  : 'con' command is executed.
15:00:14 INFO  : ----------------XSDB Script (After Launch)----------------
targets -set -nocase -filter {name =~ "*A9*#0"}
con
----------------End of Script----------------

15:00:14 INFO  : Launch script is exported to file 'D:\EmbeddedVitis\axi_dma_loop\vitis\axi_dma_loop_system\_ide\scripts\debugger_axi_dma_loop-default.tcl'
15:01:58 INFO  : Disconnected from the channel tcfchan#5.
15:01:59 INFO  : Connected to target on host '127.0.0.1' and port '3121'.
15:01:59 INFO  : Jtag cable 'Digilent JTAG-SMT2 210251A08870' is selected.
15:01:59 INFO  : 'jtag frequency' command is executed.
15:01:59 INFO  : Context for 'APU' is selected.
15:01:59 INFO  : System reset is completed.
15:02:02 INFO  : 'after 3000' command is executed.
15:02:02 INFO  : 'targets -set -filter {jtag_cable_name =~ "Digilent JTAG-SMT2 210251A08870" && level==0 && jtag_device_ctx=="jsn-JTAG-SMT2-210251A08870-13722093-0"}' command is executed.
15:02:03 INFO  : Device configured successfully with "D:/EmbeddedVitis/axi_dma_loop/vitis/axi_dma_loop/_ide/bitstream/axi_dma_loop_wrapper.bit"
15:02:03 INFO  : Context for 'APU' is selected.
15:02:03 INFO  : Hardware design and registers information is loaded from 'D:/EmbeddedVitis/axi_dma_loop/vitis/axi_dma_loop_wrapper/export/axi_dma_loop_wrapper/hw/axi_dma_loop_wrapper.xsa'.
15:02:03 INFO  : 'configparams force-mem-access 1' command is executed.
15:02:03 INFO  : Context for 'APU' is selected.
15:02:03 INFO  : Sourcing of 'D:/EmbeddedVitis/axi_dma_loop/vitis/axi_dma_loop/_ide/psinit/ps7_init.tcl' is done.
15:02:04 INFO  : 'ps7_init' command is executed.
15:02:04 INFO  : 'ps7_post_config' command is executed.
15:02:04 INFO  : Context for processor 'ps7_cortexa9_0' is selected.
15:02:04 INFO  : The application 'D:/EmbeddedVitis/axi_dma_loop/vitis/axi_dma_loop/Debug/axi_dma_loop.elf' is downloaded to processor 'ps7_cortexa9_0'.
15:02:04 INFO  : 'configparams force-mem-access 0' command is executed.
15:02:04 INFO  : ----------------XSDB Script----------------
connect -url tcp:127.0.0.1:3121
targets -set -nocase -filter {name =~"APU*"}
rst -system
after 3000
targets -set -filter {jtag_cable_name =~ "Digilent JTAG-SMT2 210251A08870" && level==0 && jtag_device_ctx=="jsn-JTAG-SMT2-210251A08870-13722093-0"}
fpga -file D:/EmbeddedVitis/axi_dma_loop/vitis/axi_dma_loop/_ide/bitstream/axi_dma_loop_wrapper.bit
targets -set -nocase -filter {name =~"APU*"}
loadhw -hw D:/EmbeddedVitis/axi_dma_loop/vitis/axi_dma_loop_wrapper/export/axi_dma_loop_wrapper/hw/axi_dma_loop_wrapper.xsa -mem-ranges [list {0x40000000 0xbfffffff}] -regs
configparams force-mem-access 1
targets -set -nocase -filter {name =~"APU*"}
source D:/EmbeddedVitis/axi_dma_loop/vitis/axi_dma_loop/_ide/psinit/ps7_init.tcl
ps7_init
ps7_post_config
targets -set -nocase -filter {name =~ "*A9*#0"}
dow D:/EmbeddedVitis/axi_dma_loop/vitis/axi_dma_loop/Debug/axi_dma_loop.elf
configparams force-mem-access 0
----------------End of Script----------------

15:02:04 INFO  : Context for processor 'ps7_cortexa9_0' is selected.
15:02:04 INFO  : 'con' command is executed.
15:02:04 INFO  : ----------------XSDB Script (After Launch)----------------
targets -set -nocase -filter {name =~ "*A9*#0"}
con
----------------End of Script----------------

15:02:04 INFO  : Launch script is exported to file 'D:\EmbeddedVitis\axi_dma_loop\vitis\axi_dma_loop_system\_ide\scripts\debugger_axi_dma_loop-default.tcl'
15:03:31 INFO  : Disconnected from the channel tcfchan#6.
15:03:32 INFO  : Connected to target on host '127.0.0.1' and port '3121'.
15:03:33 INFO  : Jtag cable 'Digilent JTAG-SMT2 210251A08870' is selected.
15:03:33 INFO  : 'jtag frequency' command is executed.
15:03:33 INFO  : Context for 'APU' is selected.
15:03:33 INFO  : System reset is completed.
15:03:36 INFO  : 'after 3000' command is executed.
15:03:36 INFO  : 'targets -set -filter {jtag_cable_name =~ "Digilent JTAG-SMT2 210251A08870" && level==0 && jtag_device_ctx=="jsn-JTAG-SMT2-210251A08870-13722093-0"}' command is executed.
15:03:37 INFO  : Device configured successfully with "D:/EmbeddedVitis/axi_dma_loop/vitis/axi_dma_loop/_ide/bitstream/axi_dma_loop_wrapper.bit"
15:03:37 INFO  : Context for 'APU' is selected.
15:03:37 INFO  : Hardware design and registers information is loaded from 'D:/EmbeddedVitis/axi_dma_loop/vitis/axi_dma_loop_wrapper/export/axi_dma_loop_wrapper/hw/axi_dma_loop_wrapper.xsa'.
15:03:37 INFO  : 'configparams force-mem-access 1' command is executed.
15:03:37 INFO  : Context for 'APU' is selected.
15:03:37 INFO  : Sourcing of 'D:/EmbeddedVitis/axi_dma_loop/vitis/axi_dma_loop/_ide/psinit/ps7_init.tcl' is done.
15:03:37 INFO  : 'ps7_init' command is executed.
15:03:37 INFO  : 'ps7_post_config' command is executed.
15:03:37 INFO  : Context for processor 'ps7_cortexa9_0' is selected.
15:03:37 INFO  : The application 'D:/EmbeddedVitis/axi_dma_loop/vitis/axi_dma_loop/Debug/axi_dma_loop.elf' is downloaded to processor 'ps7_cortexa9_0'.
15:03:38 INFO  : 'configparams force-mem-access 0' command is executed.
15:03:38 INFO  : ----------------XSDB Script----------------
connect -url tcp:127.0.0.1:3121
targets -set -nocase -filter {name =~"APU*"}
rst -system
after 3000
targets -set -filter {jtag_cable_name =~ "Digilent JTAG-SMT2 210251A08870" && level==0 && jtag_device_ctx=="jsn-JTAG-SMT2-210251A08870-13722093-0"}
fpga -file D:/EmbeddedVitis/axi_dma_loop/vitis/axi_dma_loop/_ide/bitstream/axi_dma_loop_wrapper.bit
targets -set -nocase -filter {name =~"APU*"}
loadhw -hw D:/EmbeddedVitis/axi_dma_loop/vitis/axi_dma_loop_wrapper/export/axi_dma_loop_wrapper/hw/axi_dma_loop_wrapper.xsa -mem-ranges [list {0x40000000 0xbfffffff}] -regs
configparams force-mem-access 1
targets -set -nocase -filter {name =~"APU*"}
source D:/EmbeddedVitis/axi_dma_loop/vitis/axi_dma_loop/_ide/psinit/ps7_init.tcl
ps7_init
ps7_post_config
targets -set -nocase -filter {name =~ "*A9*#0"}
dow D:/EmbeddedVitis/axi_dma_loop/vitis/axi_dma_loop/Debug/axi_dma_loop.elf
configparams force-mem-access 0
----------------End of Script----------------

15:03:38 INFO  : Context for processor 'ps7_cortexa9_0' is selected.
15:03:38 INFO  : 'con' command is executed.
15:03:38 INFO  : ----------------XSDB Script (After Launch)----------------
targets -set -nocase -filter {name =~ "*A9*#0"}
con
----------------End of Script----------------

15:03:38 INFO  : Launch script is exported to file 'D:\EmbeddedVitis\axi_dma_loop\vitis\axi_dma_loop_system\_ide\scripts\debugger_axi_dma_loop-default.tcl'
15:09:42 INFO  : Disconnected from the channel tcfchan#7.
15:09:43 INFO  : Connected to target on host '127.0.0.1' and port '3121'.
15:09:44 INFO  : Jtag cable 'Digilent JTAG-SMT2 210251A08870' is selected.
15:09:44 INFO  : 'jtag frequency' command is executed.
15:09:44 INFO  : Context for 'APU' is selected.
15:09:44 INFO  : System reset is completed.
15:09:47 INFO  : 'after 3000' command is executed.
15:09:47 INFO  : 'targets -set -filter {jtag_cable_name =~ "Digilent JTAG-SMT2 210251A08870" && level==0 && jtag_device_ctx=="jsn-JTAG-SMT2-210251A08870-13722093-0"}' command is executed.
15:09:48 INFO  : Device configured successfully with "D:/EmbeddedVitis/axi_dma_loop/vitis/axi_dma_loop/_ide/bitstream/axi_dma_loop_wrapper.bit"
15:09:48 INFO  : Context for 'APU' is selected.
15:09:48 INFO  : Hardware design and registers information is loaded from 'D:/EmbeddedVitis/axi_dma_loop/vitis/axi_dma_loop_wrapper/export/axi_dma_loop_wrapper/hw/axi_dma_loop_wrapper.xsa'.
15:09:48 INFO  : 'configparams force-mem-access 1' command is executed.
15:09:48 INFO  : Context for 'APU' is selected.
15:09:48 INFO  : Sourcing of 'D:/EmbeddedVitis/axi_dma_loop/vitis/axi_dma_loop/_ide/psinit/ps7_init.tcl' is done.
15:09:48 INFO  : 'ps7_init' command is executed.
15:09:48 INFO  : 'ps7_post_config' command is executed.
15:09:48 INFO  : Context for processor 'ps7_cortexa9_0' is selected.
15:09:48 INFO  : The application 'D:/EmbeddedVitis/axi_dma_loop/vitis/axi_dma_loop/Debug/axi_dma_loop.elf' is downloaded to processor 'ps7_cortexa9_0'.
15:09:48 INFO  : 'configparams force-mem-access 0' command is executed.
15:09:48 INFO  : ----------------XSDB Script----------------
connect -url tcp:127.0.0.1:3121
targets -set -nocase -filter {name =~"APU*"}
rst -system
after 3000
targets -set -filter {jtag_cable_name =~ "Digilent JTAG-SMT2 210251A08870" && level==0 && jtag_device_ctx=="jsn-JTAG-SMT2-210251A08870-13722093-0"}
fpga -file D:/EmbeddedVitis/axi_dma_loop/vitis/axi_dma_loop/_ide/bitstream/axi_dma_loop_wrapper.bit
targets -set -nocase -filter {name =~"APU*"}
loadhw -hw D:/EmbeddedVitis/axi_dma_loop/vitis/axi_dma_loop_wrapper/export/axi_dma_loop_wrapper/hw/axi_dma_loop_wrapper.xsa -mem-ranges [list {0x40000000 0xbfffffff}] -regs
configparams force-mem-access 1
targets -set -nocase -filter {name =~"APU*"}
source D:/EmbeddedVitis/axi_dma_loop/vitis/axi_dma_loop/_ide/psinit/ps7_init.tcl
ps7_init
ps7_post_config
targets -set -nocase -filter {name =~ "*A9*#0"}
dow D:/EmbeddedVitis/axi_dma_loop/vitis/axi_dma_loop/Debug/axi_dma_loop.elf
configparams force-mem-access 0
----------------End of Script----------------

15:09:49 INFO  : Context for processor 'ps7_cortexa9_0' is selected.
15:09:49 INFO  : 'con' command is executed.
15:09:49 INFO  : ----------------XSDB Script (After Launch)----------------
targets -set -nocase -filter {name =~ "*A9*#0"}
con
----------------End of Script----------------

15:09:49 INFO  : Launch script is exported to file 'D:\EmbeddedVitis\axi_dma_loop\vitis\axi_dma_loop_system\_ide\scripts\debugger_axi_dma_loop-default.tcl'
15:10:58 INFO  : Disconnected from the channel tcfchan#8.
15:10:59 INFO  : Connected to target on host '127.0.0.1' and port '3121'.
15:10:59 INFO  : Jtag cable 'Digilent JTAG-SMT2 210251A08870' is selected.
15:10:59 INFO  : 'jtag frequency' command is executed.
15:10:59 INFO  : Context for 'APU' is selected.
15:10:59 INFO  : System reset is completed.
15:11:02 INFO  : 'after 3000' command is executed.
15:11:02 INFO  : 'targets -set -filter {jtag_cable_name =~ "Digilent JTAG-SMT2 210251A08870" && level==0 && jtag_device_ctx=="jsn-JTAG-SMT2-210251A08870-13722093-0"}' command is executed.
15:11:03 INFO  : Device configured successfully with "D:/EmbeddedVitis/axi_dma_loop/vitis/axi_dma_loop/_ide/bitstream/axi_dma_loop_wrapper.bit"
15:11:03 INFO  : Context for 'APU' is selected.
15:11:03 INFO  : Hardware design and registers information is loaded from 'D:/EmbeddedVitis/axi_dma_loop/vitis/axi_dma_loop_wrapper/export/axi_dma_loop_wrapper/hw/axi_dma_loop_wrapper.xsa'.
15:11:03 INFO  : 'configparams force-mem-access 1' command is executed.
15:11:03 INFO  : Context for 'APU' is selected.
15:11:03 INFO  : Sourcing of 'D:/EmbeddedVitis/axi_dma_loop/vitis/axi_dma_loop/_ide/psinit/ps7_init.tcl' is done.
15:11:04 INFO  : 'ps7_init' command is executed.
15:11:04 INFO  : 'ps7_post_config' command is executed.
15:11:04 INFO  : Context for processor 'ps7_cortexa9_0' is selected.
15:11:04 INFO  : The application 'D:/EmbeddedVitis/axi_dma_loop/vitis/axi_dma_loop/Debug/axi_dma_loop.elf' is downloaded to processor 'ps7_cortexa9_0'.
15:11:04 INFO  : 'configparams force-mem-access 0' command is executed.
15:11:04 INFO  : ----------------XSDB Script----------------
connect -url tcp:127.0.0.1:3121
targets -set -nocase -filter {name =~"APU*"}
rst -system
after 3000
targets -set -filter {jtag_cable_name =~ "Digilent JTAG-SMT2 210251A08870" && level==0 && jtag_device_ctx=="jsn-JTAG-SMT2-210251A08870-13722093-0"}
fpga -file D:/EmbeddedVitis/axi_dma_loop/vitis/axi_dma_loop/_ide/bitstream/axi_dma_loop_wrapper.bit
targets -set -nocase -filter {name =~"APU*"}
loadhw -hw D:/EmbeddedVitis/axi_dma_loop/vitis/axi_dma_loop_wrapper/export/axi_dma_loop_wrapper/hw/axi_dma_loop_wrapper.xsa -mem-ranges [list {0x40000000 0xbfffffff}] -regs
configparams force-mem-access 1
targets -set -nocase -filter {name =~"APU*"}
source D:/EmbeddedVitis/axi_dma_loop/vitis/axi_dma_loop/_ide/psinit/ps7_init.tcl
ps7_init
ps7_post_config
targets -set -nocase -filter {name =~ "*A9*#0"}
dow D:/EmbeddedVitis/axi_dma_loop/vitis/axi_dma_loop/Debug/axi_dma_loop.elf
configparams force-mem-access 0
----------------End of Script----------------

15:11:04 INFO  : Context for processor 'ps7_cortexa9_0' is selected.
15:11:04 INFO  : 'con' command is executed.
15:11:04 INFO  : ----------------XSDB Script (After Launch)----------------
targets -set -nocase -filter {name =~ "*A9*#0"}
con
----------------End of Script----------------

15:11:04 INFO  : Launch script is exported to file 'D:\EmbeddedVitis\axi_dma_loop\vitis\axi_dma_loop_system\_ide\scripts\debugger_axi_dma_loop-default.tcl'
14:42:22 INFO  : Launching XSCT server: xsct.bat -n  -interactive D:\lkx\EmbeddedVitis\axi_dma_loop\vitis\temp_xsdb_launch_script.tcl
14:42:24 INFO  : XSCT server has started successfully.
14:42:24 INFO  : Successfully done setting XSCT server connection channel  
14:42:24 INFO  : plnx-install-location is set to ''
14:42:24 INFO  : Successfully done setting workspace for the tool. 
14:42:27 ERROR : Error encountered while initializing user repository paths
Reason: No Platforms Found.


14:42:27 INFO  : Platform repository initialization has completed.
14:42:27 INFO  : Registering command handlers for Vitis TCF services
14:42:28 INFO  : Successfully done query RDI_DATADIR 
14:43:26 INFO  : Result from executing command 'getProjects': axi_dma_loop_wrapper
14:43:26 INFO  : Result from executing command 'getPlatforms': 
14:43:26 INFO  : Checking for BSP changes to sync application flags for project 'axi_dma_loop'...
14:43:43 INFO  : Connected to target on host '127.0.0.1' and port '3121'.
14:43:55 INFO  : Connected to target on host '127.0.0.1' and port '3121'.
14:44:01 INFO  : ----------------XSDB Script----------------
connect -url tcp:127.0.0.1:3121
----------------End of Script----------------

14:44:01 ERROR : Could not find ARM device on the board for connection 'Local'.
Check if the target is in:
1. Split JTAG - No operations are possible with ARM DAP.
2. Non JTAG bootmode - Bootrom may need time to enable DAP.
Please try again.


Troubleshooting hints:
1. Check whether board is connected to system properly.
2. In case of zynq board, check whether Digilent/Xilinx cable switch settings are correct.
3. If you are using Xilinx Platform Cable USB, ensure that status LED is green.
14:44:13 INFO  : ----------------XSDB Script----------------
connect -url tcp:127.0.0.1:3121
----------------End of Script----------------

14:44:13 ERROR : Could not find ARM device on the board for connection 'Local'.
Check if the target is in:
1. Split JTAG - No operations are possible with ARM DAP.
2. Non JTAG bootmode - Bootrom may need time to enable DAP.
Please try again.


Troubleshooting hints:
1. Check whether board is connected to system properly.
2. In case of zynq board, check whether Digilent/Xilinx cable switch settings are correct.
3. If you are using Xilinx Platform Cable USB, ensure that status LED is green.
14:44:30 INFO  : Connected to target on host '127.0.0.1' and port '3121'.
14:44:48 INFO  : ----------------XSDB Script----------------
connect -url tcp:127.0.0.1:3121
----------------End of Script----------------

14:44:48 ERROR : Could not find ARM device on the board for connection 'Local'.
Check if the target is in:
1. Split JTAG - No operations are possible with ARM DAP.
2. Non JTAG bootmode - Bootrom may need time to enable DAP.
Please try again.


Troubleshooting hints:
1. Check whether board is connected to system properly.
2. In case of zynq board, check whether Digilent/Xilinx cable switch settings are correct.
3. If you are using Xilinx Platform Cable USB, ensure that status LED is green.
14:45:29 INFO  : Checking for BSP changes to sync application flags for project 'axi_dma_loop'...
14:45:33 INFO  : Connected to target on host '127.0.0.1' and port '3121'.
14:45:33 INFO  : Jtag cable 'Digilent JTAG-SMT2 210251A08870' is selected.
14:45:33 INFO  : 'jtag frequency' command is executed.
14:45:33 INFO  : Context for 'APU' is selected.
14:45:33 INFO  : System reset is completed.
14:45:36 INFO  : 'after 3000' command is executed.
14:45:36 INFO  : 'targets -set -filter {jtag_cable_name =~ "Digilent JTAG-SMT2 210251A08870" && level==0 && jtag_device_ctx=="jsn-JTAG-SMT2-210251A08870-13722093-0"}' command is executed.
14:45:37 INFO  : Device configured successfully with "D:/lkx/EmbeddedVitis/axi_dma_loop/vitis/axi_dma_loop/_ide/bitstream/axi_dma_loop_wrapper.bit"
14:45:38 INFO  : Context for 'APU' is selected.
14:45:38 INFO  : Hardware design and registers information is loaded from 'D:/lkx/EmbeddedVitis/axi_dma_loop/vitis/axi_dma_loop_wrapper/export/axi_dma_loop_wrapper/hw/axi_dma_loop_wrapper.xsa'.
14:45:38 INFO  : 'configparams force-mem-access 1' command is executed.
14:45:38 INFO  : Context for 'APU' is selected.
14:45:38 INFO  : Sourcing of 'D:/lkx/EmbeddedVitis/axi_dma_loop/vitis/axi_dma_loop/_ide/psinit/ps7_init.tcl' is done.
14:45:38 INFO  : 'ps7_init' command is executed.
14:45:38 INFO  : 'ps7_post_config' command is executed.
14:45:38 INFO  : Context for processor 'ps7_cortexa9_0' is selected.
14:45:38 INFO  : The application 'D:/lkx/EmbeddedVitis/axi_dma_loop/vitis/axi_dma_loop/Debug/axi_dma_loop.elf' is downloaded to processor 'ps7_cortexa9_0'.
14:45:38 INFO  : 'configparams force-mem-access 0' command is executed.
14:45:38 INFO  : ----------------XSDB Script----------------
connect -url tcp:127.0.0.1:3121
targets -set -nocase -filter {name =~"APU*"}
rst -system
after 3000
targets -set -filter {jtag_cable_name =~ "Digilent JTAG-SMT2 210251A08870" && level==0 && jtag_device_ctx=="jsn-JTAG-SMT2-210251A08870-13722093-0"}
fpga -file D:/lkx/EmbeddedVitis/axi_dma_loop/vitis/axi_dma_loop/_ide/bitstream/axi_dma_loop_wrapper.bit
targets -set -nocase -filter {name =~"APU*"}
loadhw -hw D:/lkx/EmbeddedVitis/axi_dma_loop/vitis/axi_dma_loop_wrapper/export/axi_dma_loop_wrapper/hw/axi_dma_loop_wrapper.xsa -mem-ranges [list {0x40000000 0xbfffffff}] -regs
configparams force-mem-access 1
targets -set -nocase -filter {name =~"APU*"}
source D:/lkx/EmbeddedVitis/axi_dma_loop/vitis/axi_dma_loop/_ide/psinit/ps7_init.tcl
ps7_init
ps7_post_config
targets -set -nocase -filter {name =~ "*A9*#0"}
dow D:/lkx/EmbeddedVitis/axi_dma_loop/vitis/axi_dma_loop/Debug/axi_dma_loop.elf
configparams force-mem-access 0
----------------End of Script----------------

14:45:38 INFO  : Context for processor 'ps7_cortexa9_0' is selected.
14:45:38 INFO  : 'con' command is executed.
14:45:38 INFO  : ----------------XSDB Script (After Launch)----------------
targets -set -nocase -filter {name =~ "*A9*#0"}
con
----------------End of Script----------------

14:45:38 INFO  : Launch script is exported to file 'D:\lkx\EmbeddedVitis\axi_dma_loop\vitis\axi_dma_loop_system\_ide\scripts\debugger_axi_dma_loop-default.tcl'
14:48:56 INFO  : Disconnected from the channel tcfchan#2.
14:48:57 INFO  : Connected to target on host '127.0.0.1' and port '3121'.
14:48:57 INFO  : Jtag cable 'Digilent JTAG-SMT2 210251A08870' is selected.
14:48:57 INFO  : 'jtag frequency' command is executed.
14:48:57 INFO  : Context for 'APU' is selected.
14:48:57 INFO  : System reset is completed.
14:49:00 INFO  : 'after 3000' command is executed.
14:49:00 INFO  : 'targets -set -filter {jtag_cable_name =~ "Digilent JTAG-SMT2 210251A08870" && level==0 && jtag_device_ctx=="jsn-JTAG-SMT2-210251A08870-13722093-0"}' command is executed.
14:49:01 INFO  : Device configured successfully with "D:/lkx/EmbeddedVitis/axi_dma_loop/vitis/axi_dma_loop/_ide/bitstream/axi_dma_loop_wrapper.bit"
14:49:01 INFO  : Context for 'APU' is selected.
14:49:01 INFO  : Hardware design and registers information is loaded from 'D:/lkx/EmbeddedVitis/axi_dma_loop/vitis/axi_dma_loop_wrapper/export/axi_dma_loop_wrapper/hw/axi_dma_loop_wrapper.xsa'.
14:49:01 INFO  : 'configparams force-mem-access 1' command is executed.
14:49:01 INFO  : Context for 'APU' is selected.
14:49:01 INFO  : Sourcing of 'D:/lkx/EmbeddedVitis/axi_dma_loop/vitis/axi_dma_loop/_ide/psinit/ps7_init.tcl' is done.
14:49:02 INFO  : 'ps7_init' command is executed.
14:49:02 INFO  : 'ps7_post_config' command is executed.
14:49:02 INFO  : Context for processor 'ps7_cortexa9_0' is selected.
14:49:02 INFO  : The application 'D:/lkx/EmbeddedVitis/axi_dma_loop/vitis/axi_dma_loop/Debug/axi_dma_loop.elf' is downloaded to processor 'ps7_cortexa9_0'.
14:49:02 INFO  : 'configparams force-mem-access 0' command is executed.
14:49:02 INFO  : ----------------XSDB Script----------------
connect -url tcp:127.0.0.1:3121
targets -set -nocase -filter {name =~"APU*"}
rst -system
after 3000
targets -set -filter {jtag_cable_name =~ "Digilent JTAG-SMT2 210251A08870" && level==0 && jtag_device_ctx=="jsn-JTAG-SMT2-210251A08870-13722093-0"}
fpga -file D:/lkx/EmbeddedVitis/axi_dma_loop/vitis/axi_dma_loop/_ide/bitstream/axi_dma_loop_wrapper.bit
targets -set -nocase -filter {name =~"APU*"}
loadhw -hw D:/lkx/EmbeddedVitis/axi_dma_loop/vitis/axi_dma_loop_wrapper/export/axi_dma_loop_wrapper/hw/axi_dma_loop_wrapper.xsa -mem-ranges [list {0x40000000 0xbfffffff}] -regs
configparams force-mem-access 1
targets -set -nocase -filter {name =~"APU*"}
source D:/lkx/EmbeddedVitis/axi_dma_loop/vitis/axi_dma_loop/_ide/psinit/ps7_init.tcl
ps7_init
ps7_post_config
targets -set -nocase -filter {name =~ "*A9*#0"}
dow D:/lkx/EmbeddedVitis/axi_dma_loop/vitis/axi_dma_loop/Debug/axi_dma_loop.elf
configparams force-mem-access 0
----------------End of Script----------------

14:49:02 INFO  : Context for processor 'ps7_cortexa9_0' is selected.
14:49:02 INFO  : 'con' command is executed.
14:49:02 INFO  : ----------------XSDB Script (After Launch)----------------
targets -set -nocase -filter {name =~ "*A9*#0"}
con
----------------End of Script----------------

14:49:02 INFO  : Launch script is exported to file 'D:\lkx\EmbeddedVitis\axi_dma_loop\vitis\axi_dma_loop_system\_ide\scripts\debugger_axi_dma_loop-default.tcl'
14:49:15 INFO  : Disconnected from the channel tcfchan#3.
14:49:16 INFO  : Connected to target on host '127.0.0.1' and port '3121'.
14:49:16 INFO  : Jtag cable 'Digilent JTAG-SMT2 210251A08870' is selected.
14:49:16 INFO  : 'jtag frequency' command is executed.
14:49:16 INFO  : Context for 'APU' is selected.
14:49:16 INFO  : System reset is completed.
14:49:19 INFO  : 'after 3000' command is executed.
14:49:19 INFO  : 'targets -set -filter {jtag_cable_name =~ "Digilent JTAG-SMT2 210251A08870" && level==0 && jtag_device_ctx=="jsn-JTAG-SMT2-210251A08870-13722093-0"}' command is executed.
14:49:20 INFO  : Device configured successfully with "D:/lkx/EmbeddedVitis/axi_dma_loop/vitis/axi_dma_loop/_ide/bitstream/axi_dma_loop_wrapper.bit"
14:49:20 INFO  : Context for 'APU' is selected.
14:49:20 INFO  : Hardware design and registers information is loaded from 'D:/lkx/EmbeddedVitis/axi_dma_loop/vitis/axi_dma_loop_wrapper/export/axi_dma_loop_wrapper/hw/axi_dma_loop_wrapper.xsa'.
14:49:20 INFO  : 'configparams force-mem-access 1' command is executed.
14:49:20 INFO  : Context for 'APU' is selected.
14:49:20 INFO  : Sourcing of 'D:/lkx/EmbeddedVitis/axi_dma_loop/vitis/axi_dma_loop/_ide/psinit/ps7_init.tcl' is done.
14:49:21 INFO  : 'ps7_init' command is executed.
14:49:21 INFO  : 'ps7_post_config' command is executed.
14:49:21 INFO  : Context for processor 'ps7_cortexa9_0' is selected.
14:49:21 INFO  : The application 'D:/lkx/EmbeddedVitis/axi_dma_loop/vitis/axi_dma_loop/Debug/axi_dma_loop.elf' is downloaded to processor 'ps7_cortexa9_0'.
14:49:21 INFO  : 'configparams force-mem-access 0' command is executed.
14:49:21 INFO  : ----------------XSDB Script----------------
connect -url tcp:127.0.0.1:3121
targets -set -nocase -filter {name =~"APU*"}
rst -system
after 3000
targets -set -filter {jtag_cable_name =~ "Digilent JTAG-SMT2 210251A08870" && level==0 && jtag_device_ctx=="jsn-JTAG-SMT2-210251A08870-13722093-0"}
fpga -file D:/lkx/EmbeddedVitis/axi_dma_loop/vitis/axi_dma_loop/_ide/bitstream/axi_dma_loop_wrapper.bit
targets -set -nocase -filter {name =~"APU*"}
loadhw -hw D:/lkx/EmbeddedVitis/axi_dma_loop/vitis/axi_dma_loop_wrapper/export/axi_dma_loop_wrapper/hw/axi_dma_loop_wrapper.xsa -mem-ranges [list {0x40000000 0xbfffffff}] -regs
configparams force-mem-access 1
targets -set -nocase -filter {name =~"APU*"}
source D:/lkx/EmbeddedVitis/axi_dma_loop/vitis/axi_dma_loop/_ide/psinit/ps7_init.tcl
ps7_init
ps7_post_config
targets -set -nocase -filter {name =~ "*A9*#0"}
dow D:/lkx/EmbeddedVitis/axi_dma_loop/vitis/axi_dma_loop/Debug/axi_dma_loop.elf
configparams force-mem-access 0
----------------End of Script----------------

14:49:21 INFO  : Context for processor 'ps7_cortexa9_0' is selected.
14:49:21 INFO  : 'con' command is executed.
14:49:21 INFO  : ----------------XSDB Script (After Launch)----------------
targets -set -nocase -filter {name =~ "*A9*#0"}
con
----------------End of Script----------------

14:49:21 INFO  : Launch script is exported to file 'D:\lkx\EmbeddedVitis\axi_dma_loop\vitis\axi_dma_loop_system\_ide\scripts\debugger_axi_dma_loop-default.tcl'
14:49:31 INFO  : Disconnected from the channel tcfchan#4.
14:49:32 INFO  : Connected to target on host '127.0.0.1' and port '3121'.
14:49:33 INFO  : Jtag cable 'Digilent JTAG-SMT2 210251A08870' is selected.
14:49:33 INFO  : 'jtag frequency' command is executed.
14:49:33 INFO  : Context for 'APU' is selected.
14:49:33 INFO  : System reset is completed.
14:49:36 INFO  : 'after 3000' command is executed.
14:49:36 INFO  : 'targets -set -filter {jtag_cable_name =~ "Digilent JTAG-SMT2 210251A08870" && level==0 && jtag_device_ctx=="jsn-JTAG-SMT2-210251A08870-13722093-0"}' command is executed.
14:49:37 INFO  : Device configured successfully with "D:/lkx/EmbeddedVitis/axi_dma_loop/vitis/axi_dma_loop/_ide/bitstream/axi_dma_loop_wrapper.bit"
14:49:37 INFO  : Context for 'APU' is selected.
14:49:37 INFO  : Hardware design and registers information is loaded from 'D:/lkx/EmbeddedVitis/axi_dma_loop/vitis/axi_dma_loop_wrapper/export/axi_dma_loop_wrapper/hw/axi_dma_loop_wrapper.xsa'.
14:49:37 INFO  : 'configparams force-mem-access 1' command is executed.
14:49:37 INFO  : Context for 'APU' is selected.
14:49:37 INFO  : Sourcing of 'D:/lkx/EmbeddedVitis/axi_dma_loop/vitis/axi_dma_loop/_ide/psinit/ps7_init.tcl' is done.
14:49:37 INFO  : 'ps7_init' command is executed.
14:49:37 INFO  : 'ps7_post_config' command is executed.
14:49:37 INFO  : Context for processor 'ps7_cortexa9_0' is selected.
14:49:37 INFO  : The application 'D:/lkx/EmbeddedVitis/axi_dma_loop/vitis/axi_dma_loop/Debug/axi_dma_loop.elf' is downloaded to processor 'ps7_cortexa9_0'.
14:49:38 INFO  : 'configparams force-mem-access 0' command is executed.
14:49:38 INFO  : ----------------XSDB Script----------------
connect -url tcp:127.0.0.1:3121
targets -set -nocase -filter {name =~"APU*"}
rst -system
after 3000
targets -set -filter {jtag_cable_name =~ "Digilent JTAG-SMT2 210251A08870" && level==0 && jtag_device_ctx=="jsn-JTAG-SMT2-210251A08870-13722093-0"}
fpga -file D:/lkx/EmbeddedVitis/axi_dma_loop/vitis/axi_dma_loop/_ide/bitstream/axi_dma_loop_wrapper.bit
targets -set -nocase -filter {name =~"APU*"}
loadhw -hw D:/lkx/EmbeddedVitis/axi_dma_loop/vitis/axi_dma_loop_wrapper/export/axi_dma_loop_wrapper/hw/axi_dma_loop_wrapper.xsa -mem-ranges [list {0x40000000 0xbfffffff}] -regs
configparams force-mem-access 1
targets -set -nocase -filter {name =~"APU*"}
source D:/lkx/EmbeddedVitis/axi_dma_loop/vitis/axi_dma_loop/_ide/psinit/ps7_init.tcl
ps7_init
ps7_post_config
targets -set -nocase -filter {name =~ "*A9*#0"}
dow D:/lkx/EmbeddedVitis/axi_dma_loop/vitis/axi_dma_loop/Debug/axi_dma_loop.elf
configparams force-mem-access 0
----------------End of Script----------------

14:49:38 INFO  : Context for processor 'ps7_cortexa9_0' is selected.
14:49:38 INFO  : 'con' command is executed.
14:49:38 INFO  : ----------------XSDB Script (After Launch)----------------
targets -set -nocase -filter {name =~ "*A9*#0"}
con
----------------End of Script----------------

14:49:38 INFO  : Launch script is exported to file 'D:\lkx\EmbeddedVitis\axi_dma_loop\vitis\axi_dma_loop_system\_ide\scripts\debugger_axi_dma_loop-default.tcl'
14:53:14 INFO  : Disconnected from the channel tcfchan#5.
14:55:46 INFO  : Launching XSCT server: xsct.bat -n  -interactive D:\lkx\EmbeddedVitis\axi_dma_loop\vitis\temp_xsdb_launch_script.tcl
14:55:47 INFO  : XSCT server has started successfully.
14:55:47 INFO  : plnx-install-location is set to ''
14:55:47 INFO  : Successfully done setting XSCT server connection channel  
14:55:47 INFO  : Successfully done setting workspace for the tool. 
14:55:50 INFO  : Platform repository initialization has completed.
14:55:50 INFO  : Successfully done query RDI_DATADIR 
14:55:50 INFO  : Registering command handlers for Vitis TCF services
14:56:10 INFO  : Connected to target on host '127.0.0.1' and port '3121'.
14:56:11 INFO  : Jtag cable 'Digilent JTAG-SMT2 210251A08870' is selected.
14:56:11 INFO  : 'jtag frequency' command is executed.
14:56:11 INFO  : Context for 'APU' is selected.
14:56:12 INFO  : System reset is completed.
14:56:15 INFO  : 'after 3000' command is executed.
14:56:15 INFO  : 'targets -set -filter {jtag_cable_name =~ "Digilent JTAG-SMT2 210251A08870" && level==0 && jtag_device_ctx=="jsn-JTAG-SMT2-210251A08870-13722093-0"}' command is executed.
14:56:16 INFO  : Device configured successfully with "D:/lkx/EmbeddedVitis/axi_dma_loop/vitis/axi_dma_loop/_ide/bitstream/axi_dma_loop_wrapper.bit"
14:56:16 INFO  : Context for 'APU' is selected.
14:56:16 INFO  : Hardware design and registers information is loaded from 'D:/lkx/EmbeddedVitis/axi_dma_loop/vitis/axi_dma_loop_wrapper/export/axi_dma_loop_wrapper/hw/axi_dma_loop_wrapper.xsa'.
14:56:16 INFO  : 'configparams force-mem-access 1' command is executed.
14:56:16 INFO  : Context for 'APU' is selected.
14:56:16 INFO  : Sourcing of 'D:/lkx/EmbeddedVitis/axi_dma_loop/vitis/axi_dma_loop/_ide/psinit/ps7_init.tcl' is done.
14:56:16 INFO  : 'ps7_init' command is executed.
14:56:16 INFO  : 'ps7_post_config' command is executed.
14:56:16 INFO  : Context for processor 'ps7_cortexa9_0' is selected.
14:56:16 INFO  : The application 'D:/lkx/EmbeddedVitis/axi_dma_loop/vitis/axi_dma_loop/Debug/axi_dma_loop.elf' is downloaded to processor 'ps7_cortexa9_0'.
14:56:16 INFO  : 'configparams force-mem-access 0' command is executed.
14:56:16 INFO  : ----------------XSDB Script----------------
connect -url tcp:127.0.0.1:3121
targets -set -nocase -filter {name =~"APU*"}
rst -system
after 3000
targets -set -filter {jtag_cable_name =~ "Digilent JTAG-SMT2 210251A08870" && level==0 && jtag_device_ctx=="jsn-JTAG-SMT2-210251A08870-13722093-0"}
fpga -file D:/lkx/EmbeddedVitis/axi_dma_loop/vitis/axi_dma_loop/_ide/bitstream/axi_dma_loop_wrapper.bit
targets -set -nocase -filter {name =~"APU*"}
loadhw -hw D:/lkx/EmbeddedVitis/axi_dma_loop/vitis/axi_dma_loop_wrapper/export/axi_dma_loop_wrapper/hw/axi_dma_loop_wrapper.xsa -mem-ranges [list {0x40000000 0xbfffffff}] -regs
configparams force-mem-access 1
targets -set -nocase -filter {name =~"APU*"}
source D:/lkx/EmbeddedVitis/axi_dma_loop/vitis/axi_dma_loop/_ide/psinit/ps7_init.tcl
ps7_init
ps7_post_config
targets -set -nocase -filter {name =~ "*A9*#0"}
dow D:/lkx/EmbeddedVitis/axi_dma_loop/vitis/axi_dma_loop/Debug/axi_dma_loop.elf
configparams force-mem-access 0
----------------End of Script----------------

14:56:16 INFO  : Context for processor 'ps7_cortexa9_0' is selected.
14:56:17 INFO  : 'con' command is executed.
14:56:17 INFO  : ----------------XSDB Script (After Launch)----------------
targets -set -nocase -filter {name =~ "*A9*#0"}
con
----------------End of Script----------------

14:56:17 INFO  : Launch script is exported to file 'D:\lkx\EmbeddedVitis\axi_dma_loop\vitis\axi_dma_loop_system\_ide\scripts\debugger_axi_dma_loop-default.tcl'
14:56:31 INFO  : Disconnected from the channel tcfchan#1.
14:56:32 INFO  : Connected to target on host '127.0.0.1' and port '3121'.
14:56:32 INFO  : Jtag cable 'Digilent JTAG-SMT2 210251A08870' is selected.
14:56:32 INFO  : 'jtag frequency' command is executed.
14:56:32 INFO  : Context for 'APU' is selected.
14:56:32 INFO  : System reset is completed.
14:56:35 INFO  : 'after 3000' command is executed.
14:56:35 INFO  : 'targets -set -filter {jtag_cable_name =~ "Digilent JTAG-SMT2 210251A08870" && level==0 && jtag_device_ctx=="jsn-JTAG-SMT2-210251A08870-13722093-0"}' command is executed.
14:56:36 INFO  : Device configured successfully with "D:/lkx/EmbeddedVitis/axi_dma_loop/vitis/axi_dma_loop/_ide/bitstream/axi_dma_loop_wrapper.bit"
14:56:36 INFO  : Context for 'APU' is selected.
14:56:37 INFO  : Hardware design and registers information is loaded from 'D:/lkx/EmbeddedVitis/axi_dma_loop/vitis/axi_dma_loop_wrapper/export/axi_dma_loop_wrapper/hw/axi_dma_loop_wrapper.xsa'.
14:56:37 INFO  : 'configparams force-mem-access 1' command is executed.
14:56:37 INFO  : Context for 'APU' is selected.
14:56:37 INFO  : Sourcing of 'D:/lkx/EmbeddedVitis/axi_dma_loop/vitis/axi_dma_loop/_ide/psinit/ps7_init.tcl' is done.
14:56:37 INFO  : 'ps7_init' command is executed.
14:56:37 INFO  : 'ps7_post_config' command is executed.
14:56:37 INFO  : Context for processor 'ps7_cortexa9_0' is selected.
14:56:37 INFO  : The application 'D:/lkx/EmbeddedVitis/axi_dma_loop/vitis/axi_dma_loop/Debug/axi_dma_loop.elf' is downloaded to processor 'ps7_cortexa9_0'.
14:56:37 INFO  : 'configparams force-mem-access 0' command is executed.
14:56:37 INFO  : ----------------XSDB Script----------------
connect -url tcp:127.0.0.1:3121
targets -set -nocase -filter {name =~"APU*"}
rst -system
after 3000
targets -set -filter {jtag_cable_name =~ "Digilent JTAG-SMT2 210251A08870" && level==0 && jtag_device_ctx=="jsn-JTAG-SMT2-210251A08870-13722093-0"}
fpga -file D:/lkx/EmbeddedVitis/axi_dma_loop/vitis/axi_dma_loop/_ide/bitstream/axi_dma_loop_wrapper.bit
targets -set -nocase -filter {name =~"APU*"}
loadhw -hw D:/lkx/EmbeddedVitis/axi_dma_loop/vitis/axi_dma_loop_wrapper/export/axi_dma_loop_wrapper/hw/axi_dma_loop_wrapper.xsa -mem-ranges [list {0x40000000 0xbfffffff}] -regs
configparams force-mem-access 1
targets -set -nocase -filter {name =~"APU*"}
source D:/lkx/EmbeddedVitis/axi_dma_loop/vitis/axi_dma_loop/_ide/psinit/ps7_init.tcl
ps7_init
ps7_post_config
targets -set -nocase -filter {name =~ "*A9*#0"}
dow D:/lkx/EmbeddedVitis/axi_dma_loop/vitis/axi_dma_loop/Debug/axi_dma_loop.elf
configparams force-mem-access 0
----------------End of Script----------------

14:56:37 INFO  : Context for processor 'ps7_cortexa9_0' is selected.
14:56:37 INFO  : 'con' command is executed.
14:56:37 INFO  : ----------------XSDB Script (After Launch)----------------
targets -set -nocase -filter {name =~ "*A9*#0"}
con
----------------End of Script----------------

14:56:37 INFO  : Launch script is exported to file 'D:\lkx\EmbeddedVitis\axi_dma_loop\vitis\axi_dma_loop_system\_ide\scripts\debugger_axi_dma_loop-default.tcl'
14:57:44 INFO  : Disconnected from the channel tcfchan#2.
14:57:45 INFO  : Connected to target on host '127.0.0.1' and port '3121'.
14:57:45 INFO  : Jtag cable 'Digilent JTAG-SMT2 210251A08870' is selected.
14:57:45 INFO  : 'jtag frequency' command is executed.
14:57:45 INFO  : Context for 'APU' is selected.
14:57:45 INFO  : System reset is completed.
14:57:48 INFO  : 'after 3000' command is executed.
14:57:48 INFO  : 'targets -set -filter {jtag_cable_name =~ "Digilent JTAG-SMT2 210251A08870" && level==0 && jtag_device_ctx=="jsn-JTAG-SMT2-210251A08870-13722093-0"}' command is executed.
14:57:49 INFO  : Device configured successfully with "D:/lkx/EmbeddedVitis/axi_dma_loop/vitis/axi_dma_loop/_ide/bitstream/axi_dma_loop_wrapper.bit"
14:57:49 INFO  : Context for 'APU' is selected.
14:57:50 INFO  : Hardware design and registers information is loaded from 'D:/lkx/EmbeddedVitis/axi_dma_loop/vitis/axi_dma_loop_wrapper/export/axi_dma_loop_wrapper/hw/axi_dma_loop_wrapper.xsa'.
14:57:50 INFO  : 'configparams force-mem-access 1' command is executed.
14:57:50 INFO  : Context for 'APU' is selected.
14:57:50 INFO  : Sourcing of 'D:/lkx/EmbeddedVitis/axi_dma_loop/vitis/axi_dma_loop/_ide/psinit/ps7_init.tcl' is done.
14:57:50 INFO  : 'ps7_init' command is executed.
14:57:50 INFO  : 'ps7_post_config' command is executed.
14:57:50 INFO  : Context for processor 'ps7_cortexa9_0' is selected.
14:57:51 INFO  : The application 'D:/lkx/EmbeddedVitis/axi_dma_loop/vitis/axi_dma_loop/Debug/axi_dma_loop.elf' is downloaded to processor 'ps7_cortexa9_0'.
14:57:51 INFO  : 'configparams force-mem-access 0' command is executed.
14:57:51 INFO  : ----------------XSDB Script----------------
connect -url tcp:127.0.0.1:3121
targets -set -nocase -filter {name =~"APU*"}
rst -system
after 3000
targets -set -filter {jtag_cable_name =~ "Digilent JTAG-SMT2 210251A08870" && level==0 && jtag_device_ctx=="jsn-JTAG-SMT2-210251A08870-13722093-0"}
fpga -file D:/lkx/EmbeddedVitis/axi_dma_loop/vitis/axi_dma_loop/_ide/bitstream/axi_dma_loop_wrapper.bit
targets -set -nocase -filter {name =~"APU*"}
loadhw -hw D:/lkx/EmbeddedVitis/axi_dma_loop/vitis/axi_dma_loop_wrapper/export/axi_dma_loop_wrapper/hw/axi_dma_loop_wrapper.xsa -mem-ranges [list {0x40000000 0xbfffffff}] -regs
configparams force-mem-access 1
targets -set -nocase -filter {name =~"APU*"}
source D:/lkx/EmbeddedVitis/axi_dma_loop/vitis/axi_dma_loop/_ide/psinit/ps7_init.tcl
ps7_init
ps7_post_config
targets -set -nocase -filter {name =~ "*A9*#0"}
dow D:/lkx/EmbeddedVitis/axi_dma_loop/vitis/axi_dma_loop/Debug/axi_dma_loop.elf
configparams force-mem-access 0
----------------End of Script----------------

14:57:51 INFO  : Context for processor 'ps7_cortexa9_0' is selected.
14:57:51 INFO  : 'con' command is executed.
14:57:51 INFO  : ----------------XSDB Script (After Launch)----------------
targets -set -nocase -filter {name =~ "*A9*#0"}
con
----------------End of Script----------------

14:57:51 INFO  : Launch script is exported to file 'D:\lkx\EmbeddedVitis\axi_dma_loop\vitis\axi_dma_loop_system\_ide\scripts\debugger_axi_dma_loop-default.tcl'
15:05:32 INFO  : Disconnected from the channel tcfchan#3.
15:05:33 INFO  : Connected to target on host '127.0.0.1' and port '3121'.
15:05:33 INFO  : Jtag cable 'Digilent JTAG-SMT2 210251A08870' is selected.
15:05:33 INFO  : 'jtag frequency' command is executed.
15:05:33 INFO  : Context for 'APU' is selected.
15:05:34 INFO  : System reset is completed.
15:05:37 INFO  : 'after 3000' command is executed.
15:05:37 INFO  : 'targets -set -filter {jtag_cable_name =~ "Digilent JTAG-SMT2 210251A08870" && level==0 && jtag_device_ctx=="jsn-JTAG-SMT2-210251A08870-13722093-0"}' command is executed.
15:05:38 INFO  : Device configured successfully with "D:/lkx/EmbeddedVitis/axi_dma_loop/vitis/axi_dma_loop/_ide/bitstream/axi_dma_loop_wrapper.bit"
15:05:38 INFO  : Context for 'APU' is selected.
15:05:39 INFO  : Hardware design and registers information is loaded from 'D:/lkx/EmbeddedVitis/axi_dma_loop/vitis/axi_dma_loop_wrapper/export/axi_dma_loop_wrapper/hw/axi_dma_loop_wrapper.xsa'.
15:05:39 INFO  : 'configparams force-mem-access 1' command is executed.
15:05:39 INFO  : Context for 'APU' is selected.
15:05:39 INFO  : Sourcing of 'D:/lkx/EmbeddedVitis/axi_dma_loop/vitis/axi_dma_loop/_ide/psinit/ps7_init.tcl' is done.
15:05:39 INFO  : 'ps7_init' command is executed.
15:05:39 INFO  : 'ps7_post_config' command is executed.
15:05:39 INFO  : Context for processor 'ps7_cortexa9_0' is selected.
15:05:39 INFO  : The application 'D:/lkx/EmbeddedVitis/axi_dma_loop/vitis/axi_dma_loop/Debug/axi_dma_loop.elf' is downloaded to processor 'ps7_cortexa9_0'.
15:05:39 INFO  : 'configparams force-mem-access 0' command is executed.
15:05:39 INFO  : ----------------XSDB Script----------------
connect -url tcp:127.0.0.1:3121
targets -set -nocase -filter {name =~"APU*"}
rst -system
after 3000
targets -set -filter {jtag_cable_name =~ "Digilent JTAG-SMT2 210251A08870" && level==0 && jtag_device_ctx=="jsn-JTAG-SMT2-210251A08870-13722093-0"}
fpga -file D:/lkx/EmbeddedVitis/axi_dma_loop/vitis/axi_dma_loop/_ide/bitstream/axi_dma_loop_wrapper.bit
targets -set -nocase -filter {name =~"APU*"}
loadhw -hw D:/lkx/EmbeddedVitis/axi_dma_loop/vitis/axi_dma_loop_wrapper/export/axi_dma_loop_wrapper/hw/axi_dma_loop_wrapper.xsa -mem-ranges [list {0x40000000 0xbfffffff}] -regs
configparams force-mem-access 1
targets -set -nocase -filter {name =~"APU*"}
source D:/lkx/EmbeddedVitis/axi_dma_loop/vitis/axi_dma_loop/_ide/psinit/ps7_init.tcl
ps7_init
ps7_post_config
targets -set -nocase -filter {name =~ "*A9*#0"}
dow D:/lkx/EmbeddedVitis/axi_dma_loop/vitis/axi_dma_loop/Debug/axi_dma_loop.elf
configparams force-mem-access 0
----------------End of Script----------------

15:05:39 INFO  : Context for processor 'ps7_cortexa9_0' is selected.
15:05:39 INFO  : 'con' command is executed.
15:05:39 INFO  : ----------------XSDB Script (After Launch)----------------
targets -set -nocase -filter {name =~ "*A9*#0"}
con
----------------End of Script----------------

15:05:39 INFO  : Launch script is exported to file 'D:\lkx\EmbeddedVitis\axi_dma_loop\vitis\axi_dma_loop_system\_ide\scripts\debugger_axi_dma_loop-default.tcl'
15:13:02 INFO  : Disconnected from the channel tcfchan#4.
15:13:03 INFO  : Connected to target on host '127.0.0.1' and port '3121'.
15:13:03 INFO  : Jtag cable 'Digilent JTAG-SMT2 210251A08870' is selected.
15:13:03 INFO  : 'jtag frequency' command is executed.
15:13:04 INFO  : Context for 'APU' is selected.
15:13:04 INFO  : System reset is completed.
15:13:07 INFO  : 'after 3000' command is executed.
15:13:07 INFO  : 'targets -set -filter {jtag_cable_name =~ "Digilent JTAG-SMT2 210251A08870" && level==0 && jtag_device_ctx=="jsn-JTAG-SMT2-210251A08870-13722093-0"}' command is executed.
15:13:08 INFO  : Device configured successfully with "D:/lkx/EmbeddedVitis/axi_dma_loop/vitis/axi_dma_loop/_ide/bitstream/axi_dma_loop_wrapper.bit"
15:13:08 INFO  : Context for 'APU' is selected.
15:13:09 INFO  : Hardware design and registers information is loaded from 'D:/lkx/EmbeddedVitis/axi_dma_loop/vitis/axi_dma_loop_wrapper/export/axi_dma_loop_wrapper/hw/axi_dma_loop_wrapper.xsa'.
15:13:09 INFO  : 'configparams force-mem-access 1' command is executed.
15:13:09 INFO  : Context for 'APU' is selected.
15:13:09 INFO  : Sourcing of 'D:/lkx/EmbeddedVitis/axi_dma_loop/vitis/axi_dma_loop/_ide/psinit/ps7_init.tcl' is done.
15:13:09 INFO  : 'ps7_init' command is executed.
15:13:09 INFO  : 'ps7_post_config' command is executed.
15:13:09 INFO  : Context for processor 'ps7_cortexa9_0' is selected.
15:13:09 INFO  : The application 'D:/lkx/EmbeddedVitis/axi_dma_loop/vitis/axi_dma_loop/Debug/axi_dma_loop.elf' is downloaded to processor 'ps7_cortexa9_0'.
15:13:09 INFO  : 'configparams force-mem-access 0' command is executed.
15:13:09 INFO  : ----------------XSDB Script----------------
connect -url tcp:127.0.0.1:3121
targets -set -nocase -filter {name =~"APU*"}
rst -system
after 3000
targets -set -filter {jtag_cable_name =~ "Digilent JTAG-SMT2 210251A08870" && level==0 && jtag_device_ctx=="jsn-JTAG-SMT2-210251A08870-13722093-0"}
fpga -file D:/lkx/EmbeddedVitis/axi_dma_loop/vitis/axi_dma_loop/_ide/bitstream/axi_dma_loop_wrapper.bit
targets -set -nocase -filter {name =~"APU*"}
loadhw -hw D:/lkx/EmbeddedVitis/axi_dma_loop/vitis/axi_dma_loop_wrapper/export/axi_dma_loop_wrapper/hw/axi_dma_loop_wrapper.xsa -mem-ranges [list {0x40000000 0xbfffffff}] -regs
configparams force-mem-access 1
targets -set -nocase -filter {name =~"APU*"}
source D:/lkx/EmbeddedVitis/axi_dma_loop/vitis/axi_dma_loop/_ide/psinit/ps7_init.tcl
ps7_init
ps7_post_config
targets -set -nocase -filter {name =~ "*A9*#0"}
dow D:/lkx/EmbeddedVitis/axi_dma_loop/vitis/axi_dma_loop/Debug/axi_dma_loop.elf
configparams force-mem-access 0
----------------End of Script----------------

15:13:09 INFO  : Context for processor 'ps7_cortexa9_0' is selected.
15:13:09 INFO  : 'con' command is executed.
15:13:09 INFO  : ----------------XSDB Script (After Launch)----------------
targets -set -nocase -filter {name =~ "*A9*#0"}
con
----------------End of Script----------------

15:13:09 INFO  : Launch script is exported to file 'D:\lkx\EmbeddedVitis\axi_dma_loop\vitis\axi_dma_loop_system\_ide\scripts\debugger_axi_dma_loop-default.tcl'
15:22:48 INFO  : Disconnected from the channel tcfchan#5.
15:22:56 INFO  : Checking for BSP changes to sync application flags for project 'axi_dma_loop'...
15:23:12 INFO  : Connected to target on host '127.0.0.1' and port '3121'.
15:23:13 INFO  : Jtag cable 'Digilent JTAG-SMT2 210251A08870' is selected.
15:23:13 INFO  : 'jtag frequency' command is executed.
15:23:13 INFO  : Context for 'APU' is selected.
15:23:14 INFO  : System reset is completed.
15:23:17 INFO  : 'after 3000' command is executed.
15:23:17 INFO  : 'targets -set -filter {jtag_cable_name =~ "Digilent JTAG-SMT2 210251A08870" && level==0 && jtag_device_ctx=="jsn-JTAG-SMT2-210251A08870-13722093-0"}' command is executed.
15:23:18 INFO  : Device configured successfully with "D:/lkx/EmbeddedVitis/axi_dma_loop/vitis/axi_dma_loop/_ide/bitstream/axi_dma_loop_wrapper.bit"
15:23:18 INFO  : Context for 'APU' is selected.
15:23:18 INFO  : Hardware design and registers information is loaded from 'D:/lkx/EmbeddedVitis/axi_dma_loop/vitis/axi_dma_loop_wrapper/export/axi_dma_loop_wrapper/hw/axi_dma_loop_wrapper.xsa'.
15:23:18 INFO  : 'configparams force-mem-access 1' command is executed.
15:23:18 INFO  : Context for 'APU' is selected.
15:23:18 INFO  : Sourcing of 'D:/lkx/EmbeddedVitis/axi_dma_loop/vitis/axi_dma_loop/_ide/psinit/ps7_init.tcl' is done.
15:23:18 INFO  : 'ps7_init' command is executed.
15:23:18 INFO  : 'ps7_post_config' command is executed.
15:23:18 INFO  : Context for processor 'ps7_cortexa9_0' is selected.
15:23:18 INFO  : The application 'D:/lkx/EmbeddedVitis/axi_dma_loop/vitis/axi_dma_loop/Debug/axi_dma_loop.elf' is downloaded to processor 'ps7_cortexa9_0'.
15:23:18 INFO  : 'configparams force-mem-access 0' command is executed.
15:23:18 INFO  : ----------------XSDB Script----------------
connect -url tcp:127.0.0.1:3121
targets -set -nocase -filter {name =~"APU*"}
rst -system
after 3000
targets -set -filter {jtag_cable_name =~ "Digilent JTAG-SMT2 210251A08870" && level==0 && jtag_device_ctx=="jsn-JTAG-SMT2-210251A08870-13722093-0"}
fpga -file D:/lkx/EmbeddedVitis/axi_dma_loop/vitis/axi_dma_loop/_ide/bitstream/axi_dma_loop_wrapper.bit
targets -set -nocase -filter {name =~"APU*"}
loadhw -hw D:/lkx/EmbeddedVitis/axi_dma_loop/vitis/axi_dma_loop_wrapper/export/axi_dma_loop_wrapper/hw/axi_dma_loop_wrapper.xsa -mem-ranges [list {0x40000000 0xbfffffff}] -regs
configparams force-mem-access 1
targets -set -nocase -filter {name =~"APU*"}
source D:/lkx/EmbeddedVitis/axi_dma_loop/vitis/axi_dma_loop/_ide/psinit/ps7_init.tcl
ps7_init
ps7_post_config
targets -set -nocase -filter {name =~ "*A9*#0"}
dow D:/lkx/EmbeddedVitis/axi_dma_loop/vitis/axi_dma_loop/Debug/axi_dma_loop.elf
configparams force-mem-access 0
----------------End of Script----------------

15:23:19 INFO  : Context for processor 'ps7_cortexa9_0' is selected.
15:23:19 INFO  : 'con' command is executed.
15:23:19 INFO  : ----------------XSDB Script (After Launch)----------------
targets -set -nocase -filter {name =~ "*A9*#0"}
con
----------------End of Script----------------

15:23:19 INFO  : Launch script is exported to file 'D:\lkx\EmbeddedVitis\axi_dma_loop\vitis\axi_dma_loop_system\_ide\scripts\debugger_axi_dma_loop-default.tcl'
15:29:25 INFO  : Disconnected from the channel tcfchan#6.
15:29:26 INFO  : Connected to target on host '127.0.0.1' and port '3121'.
15:29:26 INFO  : Jtag cable 'Digilent JTAG-SMT2 210251A08870' is selected.
15:29:26 INFO  : 'jtag frequency' command is executed.
15:29:26 INFO  : Context for 'APU' is selected.
15:29:26 INFO  : System reset is completed.
15:29:29 INFO  : 'after 3000' command is executed.
15:29:29 INFO  : 'targets -set -filter {jtag_cable_name =~ "Digilent JTAG-SMT2 210251A08870" && level==0 && jtag_device_ctx=="jsn-JTAG-SMT2-210251A08870-13722093-0"}' command is executed.
15:29:30 INFO  : Device configured successfully with "D:/lkx/EmbeddedVitis/axi_dma_loop/vitis/axi_dma_loop/_ide/bitstream/axi_dma_loop_wrapper.bit"
15:29:30 INFO  : Context for 'APU' is selected.
15:29:31 INFO  : Hardware design and registers information is loaded from 'D:/lkx/EmbeddedVitis/axi_dma_loop/vitis/axi_dma_loop_wrapper/export/axi_dma_loop_wrapper/hw/axi_dma_loop_wrapper.xsa'.
15:29:31 INFO  : 'configparams force-mem-access 1' command is executed.
15:29:31 INFO  : Context for 'APU' is selected.
15:29:31 INFO  : Sourcing of 'D:/lkx/EmbeddedVitis/axi_dma_loop/vitis/axi_dma_loop/_ide/psinit/ps7_init.tcl' is done.
15:29:31 INFO  : 'ps7_init' command is executed.
15:29:31 INFO  : 'ps7_post_config' command is executed.
15:29:31 INFO  : Context for processor 'ps7_cortexa9_0' is selected.
15:29:31 INFO  : The application 'D:/lkx/EmbeddedVitis/axi_dma_loop/vitis/axi_dma_loop/Debug/axi_dma_loop.elf' is downloaded to processor 'ps7_cortexa9_0'.
15:29:31 INFO  : 'configparams force-mem-access 0' command is executed.
15:29:31 INFO  : ----------------XSDB Script----------------
connect -url tcp:127.0.0.1:3121
targets -set -nocase -filter {name =~"APU*"}
rst -system
after 3000
targets -set -filter {jtag_cable_name =~ "Digilent JTAG-SMT2 210251A08870" && level==0 && jtag_device_ctx=="jsn-JTAG-SMT2-210251A08870-13722093-0"}
fpga -file D:/lkx/EmbeddedVitis/axi_dma_loop/vitis/axi_dma_loop/_ide/bitstream/axi_dma_loop_wrapper.bit
targets -set -nocase -filter {name =~"APU*"}
loadhw -hw D:/lkx/EmbeddedVitis/axi_dma_loop/vitis/axi_dma_loop_wrapper/export/axi_dma_loop_wrapper/hw/axi_dma_loop_wrapper.xsa -mem-ranges [list {0x40000000 0xbfffffff}] -regs
configparams force-mem-access 1
targets -set -nocase -filter {name =~"APU*"}
source D:/lkx/EmbeddedVitis/axi_dma_loop/vitis/axi_dma_loop/_ide/psinit/ps7_init.tcl
ps7_init
ps7_post_config
targets -set -nocase -filter {name =~ "*A9*#0"}
dow D:/lkx/EmbeddedVitis/axi_dma_loop/vitis/axi_dma_loop/Debug/axi_dma_loop.elf
configparams force-mem-access 0
----------------End of Script----------------

15:29:32 INFO  : Context for processor 'ps7_cortexa9_0' is selected.
15:29:32 INFO  : 'con' command is executed.
15:29:32 INFO  : ----------------XSDB Script (After Launch)----------------
targets -set -nocase -filter {name =~ "*A9*#0"}
con
----------------End of Script----------------

15:29:32 INFO  : Launch script is exported to file 'D:\lkx\EmbeddedVitis\axi_dma_loop\vitis\axi_dma_loop_system\_ide\scripts\debugger_axi_dma_loop-default.tcl'
15:30:00 INFO  : Disconnected from the channel tcfchan#7.
15:30:01 INFO  : Connected to target on host '127.0.0.1' and port '3121'.
15:30:01 INFO  : Jtag cable 'Digilent JTAG-SMT2 210251A08870' is selected.
15:30:01 INFO  : 'jtag frequency' command is executed.
15:30:01 INFO  : Context for 'APU' is selected.
15:30:01 INFO  : System reset is completed.
15:30:04 INFO  : 'after 3000' command is executed.
15:30:04 INFO  : 'targets -set -filter {jtag_cable_name =~ "Digilent JTAG-SMT2 210251A08870" && level==0 && jtag_device_ctx=="jsn-JTAG-SMT2-210251A08870-13722093-0"}' command is executed.
15:30:05 INFO  : Device configured successfully with "D:/lkx/EmbeddedVitis/axi_dma_loop/vitis/axi_dma_loop/_ide/bitstream/axi_dma_loop_wrapper.bit"
15:30:05 INFO  : Context for 'APU' is selected.
15:30:06 INFO  : Hardware design and registers information is loaded from 'D:/lkx/EmbeddedVitis/axi_dma_loop/vitis/axi_dma_loop_wrapper/export/axi_dma_loop_wrapper/hw/axi_dma_loop_wrapper.xsa'.
15:30:06 INFO  : 'configparams force-mem-access 1' command is executed.
15:30:06 INFO  : Context for 'APU' is selected.
15:30:06 INFO  : Sourcing of 'D:/lkx/EmbeddedVitis/axi_dma_loop/vitis/axi_dma_loop/_ide/psinit/ps7_init.tcl' is done.
15:30:06 INFO  : 'ps7_init' command is executed.
15:30:06 INFO  : 'ps7_post_config' command is executed.
15:30:06 INFO  : Context for processor 'ps7_cortexa9_0' is selected.
15:30:06 INFO  : The application 'D:/lkx/EmbeddedVitis/axi_dma_loop/vitis/axi_dma_loop/Debug/axi_dma_loop.elf' is downloaded to processor 'ps7_cortexa9_0'.
15:30:07 INFO  : 'configparams force-mem-access 0' command is executed.
15:30:07 INFO  : ----------------XSDB Script----------------
connect -url tcp:127.0.0.1:3121
targets -set -nocase -filter {name =~"APU*"}
rst -system
after 3000
targets -set -filter {jtag_cable_name =~ "Digilent JTAG-SMT2 210251A08870" && level==0 && jtag_device_ctx=="jsn-JTAG-SMT2-210251A08870-13722093-0"}
fpga -file D:/lkx/EmbeddedVitis/axi_dma_loop/vitis/axi_dma_loop/_ide/bitstream/axi_dma_loop_wrapper.bit
targets -set -nocase -filter {name =~"APU*"}
loadhw -hw D:/lkx/EmbeddedVitis/axi_dma_loop/vitis/axi_dma_loop_wrapper/export/axi_dma_loop_wrapper/hw/axi_dma_loop_wrapper.xsa -mem-ranges [list {0x40000000 0xbfffffff}] -regs
configparams force-mem-access 1
targets -set -nocase -filter {name =~"APU*"}
source D:/lkx/EmbeddedVitis/axi_dma_loop/vitis/axi_dma_loop/_ide/psinit/ps7_init.tcl
ps7_init
ps7_post_config
targets -set -nocase -filter {name =~ "*A9*#0"}
dow D:/lkx/EmbeddedVitis/axi_dma_loop/vitis/axi_dma_loop/Debug/axi_dma_loop.elf
configparams force-mem-access 0
----------------End of Script----------------

15:30:07 INFO  : Context for processor 'ps7_cortexa9_0' is selected.
15:30:07 INFO  : 'con' command is executed.
15:30:07 INFO  : ----------------XSDB Script (After Launch)----------------
targets -set -nocase -filter {name =~ "*A9*#0"}
con
----------------End of Script----------------

15:30:07 INFO  : Launch script is exported to file 'D:\lkx\EmbeddedVitis\axi_dma_loop\vitis\axi_dma_loop_system\_ide\scripts\debugger_axi_dma_loop-default.tcl'
15:31:29 INFO  : Disconnected from the channel tcfchan#8.
15:31:30 INFO  : Connected to target on host '127.0.0.1' and port '3121'.
15:31:30 INFO  : Jtag cable 'Digilent JTAG-SMT2 210251A08870' is selected.
15:31:30 INFO  : 'jtag frequency' command is executed.
15:31:30 INFO  : Context for 'APU' is selected.
15:31:30 INFO  : System reset is completed.
15:31:33 INFO  : 'after 3000' command is executed.
15:31:33 INFO  : 'targets -set -filter {jtag_cable_name =~ "Digilent JTAG-SMT2 210251A08870" && level==0 && jtag_device_ctx=="jsn-JTAG-SMT2-210251A08870-13722093-0"}' command is executed.
15:31:34 INFO  : Device configured successfully with "D:/lkx/EmbeddedVitis/axi_dma_loop/vitis/axi_dma_loop/_ide/bitstream/axi_dma_loop_wrapper.bit"
15:31:34 INFO  : Context for 'APU' is selected.
15:31:35 INFO  : Hardware design and registers information is loaded from 'D:/lkx/EmbeddedVitis/axi_dma_loop/vitis/axi_dma_loop_wrapper/export/axi_dma_loop_wrapper/hw/axi_dma_loop_wrapper.xsa'.
15:31:35 INFO  : 'configparams force-mem-access 1' command is executed.
15:31:35 INFO  : Context for 'APU' is selected.
15:31:35 INFO  : Sourcing of 'D:/lkx/EmbeddedVitis/axi_dma_loop/vitis/axi_dma_loop/_ide/psinit/ps7_init.tcl' is done.
15:31:35 INFO  : 'ps7_init' command is executed.
15:31:35 INFO  : 'ps7_post_config' command is executed.
15:31:35 INFO  : Context for processor 'ps7_cortexa9_0' is selected.
15:31:35 INFO  : The application 'D:/lkx/EmbeddedVitis/axi_dma_loop/vitis/axi_dma_loop/Debug/axi_dma_loop.elf' is downloaded to processor 'ps7_cortexa9_0'.
15:31:36 INFO  : 'configparams force-mem-access 0' command is executed.
15:31:36 INFO  : ----------------XSDB Script----------------
connect -url tcp:127.0.0.1:3121
targets -set -nocase -filter {name =~"APU*"}
rst -system
after 3000
targets -set -filter {jtag_cable_name =~ "Digilent JTAG-SMT2 210251A08870" && level==0 && jtag_device_ctx=="jsn-JTAG-SMT2-210251A08870-13722093-0"}
fpga -file D:/lkx/EmbeddedVitis/axi_dma_loop/vitis/axi_dma_loop/_ide/bitstream/axi_dma_loop_wrapper.bit
targets -set -nocase -filter {name =~"APU*"}
loadhw -hw D:/lkx/EmbeddedVitis/axi_dma_loop/vitis/axi_dma_loop_wrapper/export/axi_dma_loop_wrapper/hw/axi_dma_loop_wrapper.xsa -mem-ranges [list {0x40000000 0xbfffffff}] -regs
configparams force-mem-access 1
targets -set -nocase -filter {name =~"APU*"}
source D:/lkx/EmbeddedVitis/axi_dma_loop/vitis/axi_dma_loop/_ide/psinit/ps7_init.tcl
ps7_init
ps7_post_config
targets -set -nocase -filter {name =~ "*A9*#0"}
dow D:/lkx/EmbeddedVitis/axi_dma_loop/vitis/axi_dma_loop/Debug/axi_dma_loop.elf
configparams force-mem-access 0
----------------End of Script----------------

15:31:36 INFO  : Context for processor 'ps7_cortexa9_0' is selected.
15:31:36 INFO  : 'con' command is executed.
15:31:36 INFO  : ----------------XSDB Script (After Launch)----------------
targets -set -nocase -filter {name =~ "*A9*#0"}
con
----------------End of Script----------------

15:31:36 INFO  : Launch script is exported to file 'D:\lkx\EmbeddedVitis\axi_dma_loop\vitis\axi_dma_loop_system\_ide\scripts\debugger_axi_dma_loop-default.tcl'
15:45:44 INFO  : Disconnected from the channel tcfchan#9.
15:45:45 INFO  : Connected to target on host '127.0.0.1' and port '3121'.
15:45:45 INFO  : Jtag cable 'Digilent JTAG-SMT2 210251A08870' is selected.
15:45:45 INFO  : 'jtag frequency' command is executed.
15:45:45 INFO  : Context for 'APU' is selected.
15:45:45 INFO  : System reset is completed.
15:45:48 INFO  : 'after 3000' command is executed.
15:45:48 INFO  : 'targets -set -filter {jtag_cable_name =~ "Digilent JTAG-SMT2 210251A08870" && level==0 && jtag_device_ctx=="jsn-JTAG-SMT2-210251A08870-13722093-0"}' command is executed.
15:45:49 INFO  : Device configured successfully with "D:/lkx/EmbeddedVitis/axi_dma_loop/vitis/axi_dma_loop/_ide/bitstream/axi_dma_loop_wrapper.bit"
15:45:49 INFO  : Context for 'APU' is selected.
15:45:50 INFO  : Hardware design and registers information is loaded from 'D:/lkx/EmbeddedVitis/axi_dma_loop/vitis/axi_dma_loop_wrapper/export/axi_dma_loop_wrapper/hw/axi_dma_loop_wrapper.xsa'.
15:45:50 INFO  : 'configparams force-mem-access 1' command is executed.
15:45:50 INFO  : Context for 'APU' is selected.
15:45:50 INFO  : Sourcing of 'D:/lkx/EmbeddedVitis/axi_dma_loop/vitis/axi_dma_loop/_ide/psinit/ps7_init.tcl' is done.
15:45:50 INFO  : 'ps7_init' command is executed.
15:45:50 INFO  : 'ps7_post_config' command is executed.
15:45:50 INFO  : Context for processor 'ps7_cortexa9_0' is selected.
15:45:50 INFO  : The application 'D:/lkx/EmbeddedVitis/axi_dma_loop/vitis/axi_dma_loop/Debug/axi_dma_loop.elf' is downloaded to processor 'ps7_cortexa9_0'.
15:45:51 INFO  : 'configparams force-mem-access 0' command is executed.
15:45:51 INFO  : ----------------XSDB Script----------------
connect -url tcp:127.0.0.1:3121
targets -set -nocase -filter {name =~"APU*"}
rst -system
after 3000
targets -set -filter {jtag_cable_name =~ "Digilent JTAG-SMT2 210251A08870" && level==0 && jtag_device_ctx=="jsn-JTAG-SMT2-210251A08870-13722093-0"}
fpga -file D:/lkx/EmbeddedVitis/axi_dma_loop/vitis/axi_dma_loop/_ide/bitstream/axi_dma_loop_wrapper.bit
targets -set -nocase -filter {name =~"APU*"}
loadhw -hw D:/lkx/EmbeddedVitis/axi_dma_loop/vitis/axi_dma_loop_wrapper/export/axi_dma_loop_wrapper/hw/axi_dma_loop_wrapper.xsa -mem-ranges [list {0x40000000 0xbfffffff}] -regs
configparams force-mem-access 1
targets -set -nocase -filter {name =~"APU*"}
source D:/lkx/EmbeddedVitis/axi_dma_loop/vitis/axi_dma_loop/_ide/psinit/ps7_init.tcl
ps7_init
ps7_post_config
targets -set -nocase -filter {name =~ "*A9*#0"}
dow D:/lkx/EmbeddedVitis/axi_dma_loop/vitis/axi_dma_loop/Debug/axi_dma_loop.elf
configparams force-mem-access 0
----------------End of Script----------------

15:45:51 INFO  : Context for processor 'ps7_cortexa9_0' is selected.
15:45:51 INFO  : 'con' command is executed.
15:45:51 INFO  : ----------------XSDB Script (After Launch)----------------
targets -set -nocase -filter {name =~ "*A9*#0"}
con
----------------End of Script----------------

15:45:51 INFO  : Launch script is exported to file 'D:\lkx\EmbeddedVitis\axi_dma_loop\vitis\axi_dma_loop_system\_ide\scripts\debugger_axi_dma_loop-default.tcl'
15:49:12 INFO  : Checking for BSP changes to sync application flags for project 'axi_dma_loop'...
15:49:55 INFO  : Disconnected from the channel tcfchan#10.
15:49:56 INFO  : Connected to target on host '127.0.0.1' and port '3121'.
15:49:56 INFO  : Jtag cable 'Digilent JTAG-SMT2 210251A08870' is selected.
15:49:56 INFO  : 'jtag frequency' command is executed.
15:49:56 INFO  : Context for 'APU' is selected.
15:49:56 INFO  : System reset is completed.
15:49:59 INFO  : 'after 3000' command is executed.
15:49:59 INFO  : 'targets -set -filter {jtag_cable_name =~ "Digilent JTAG-SMT2 210251A08870" && level==0 && jtag_device_ctx=="jsn-JTAG-SMT2-210251A08870-13722093-0"}' command is executed.
15:50:00 INFO  : Device configured successfully with "D:/lkx/EmbeddedVitis/axi_dma_loop/vitis/axi_dma_loop/_ide/bitstream/axi_dma_loop_wrapper.bit"
15:50:00 INFO  : Context for 'APU' is selected.
15:50:01 INFO  : Hardware design and registers information is loaded from 'D:/lkx/EmbeddedVitis/axi_dma_loop/vitis/axi_dma_loop_wrapper/export/axi_dma_loop_wrapper/hw/axi_dma_loop_wrapper.xsa'.
15:50:01 INFO  : 'configparams force-mem-access 1' command is executed.
15:50:01 INFO  : Context for 'APU' is selected.
15:50:01 INFO  : Sourcing of 'D:/lkx/EmbeddedVitis/axi_dma_loop/vitis/axi_dma_loop/_ide/psinit/ps7_init.tcl' is done.
15:50:01 INFO  : 'ps7_init' command is executed.
15:50:01 INFO  : 'ps7_post_config' command is executed.
15:50:01 INFO  : Context for processor 'ps7_cortexa9_0' is selected.
15:50:01 INFO  : The application 'D:/lkx/EmbeddedVitis/axi_dma_loop/vitis/axi_dma_loop/Debug/axi_dma_loop.elf' is downloaded to processor 'ps7_cortexa9_0'.
15:50:01 INFO  : 'configparams force-mem-access 0' command is executed.
15:50:01 INFO  : ----------------XSDB Script----------------
connect -url tcp:127.0.0.1:3121
targets -set -nocase -filter {name =~"APU*"}
rst -system
after 3000
targets -set -filter {jtag_cable_name =~ "Digilent JTAG-SMT2 210251A08870" && level==0 && jtag_device_ctx=="jsn-JTAG-SMT2-210251A08870-13722093-0"}
fpga -file D:/lkx/EmbeddedVitis/axi_dma_loop/vitis/axi_dma_loop/_ide/bitstream/axi_dma_loop_wrapper.bit
targets -set -nocase -filter {name =~"APU*"}
loadhw -hw D:/lkx/EmbeddedVitis/axi_dma_loop/vitis/axi_dma_loop_wrapper/export/axi_dma_loop_wrapper/hw/axi_dma_loop_wrapper.xsa -mem-ranges [list {0x40000000 0xbfffffff}] -regs
configparams force-mem-access 1
targets -set -nocase -filter {name =~"APU*"}
source D:/lkx/EmbeddedVitis/axi_dma_loop/vitis/axi_dma_loop/_ide/psinit/ps7_init.tcl
ps7_init
ps7_post_config
targets -set -nocase -filter {name =~ "*A9*#0"}
dow D:/lkx/EmbeddedVitis/axi_dma_loop/vitis/axi_dma_loop/Debug/axi_dma_loop.elf
configparams force-mem-access 0
----------------End of Script----------------

15:50:02 INFO  : Context for processor 'ps7_cortexa9_0' is selected.
15:50:02 INFO  : 'con' command is executed.
15:50:02 INFO  : ----------------XSDB Script (After Launch)----------------
targets -set -nocase -filter {name =~ "*A9*#0"}
con
----------------End of Script----------------

15:50:02 INFO  : Launch script is exported to file 'D:\lkx\EmbeddedVitis\axi_dma_loop\vitis\axi_dma_loop_system\_ide\scripts\debugger_axi_dma_loop-default.tcl'
15:55:59 INFO  : Checking for BSP changes to sync application flags for project 'axi_dma_loop'...
16:03:00 INFO  : Disconnected from the channel tcfchan#11.
16:03:01 INFO  : Connected to target on host '127.0.0.1' and port '3121'.
16:03:01 INFO  : Jtag cable 'Digilent JTAG-SMT2 210251A08870' is selected.
16:03:01 INFO  : 'jtag frequency' command is executed.
16:03:01 INFO  : Context for 'APU' is selected.
16:03:01 INFO  : System reset is completed.
16:03:04 INFO  : 'after 3000' command is executed.
16:03:04 INFO  : 'targets -set -filter {jtag_cable_name =~ "Digilent JTAG-SMT2 210251A08870" && level==0 && jtag_device_ctx=="jsn-JTAG-SMT2-210251A08870-13722093-0"}' command is executed.
16:03:06 INFO  : Device configured successfully with "D:/lkx/EmbeddedVitis/axi_dma_loop/vitis/axi_dma_loop/_ide/bitstream/axi_dma_loop_wrapper.bit"
16:03:06 INFO  : Context for 'APU' is selected.
16:03:06 INFO  : Hardware design and registers information is loaded from 'D:/lkx/EmbeddedVitis/axi_dma_loop/vitis/axi_dma_loop_wrapper/export/axi_dma_loop_wrapper/hw/axi_dma_loop_wrapper.xsa'.
16:03:06 INFO  : 'configparams force-mem-access 1' command is executed.
16:03:06 INFO  : Context for 'APU' is selected.
16:03:06 INFO  : Sourcing of 'D:/lkx/EmbeddedVitis/axi_dma_loop/vitis/axi_dma_loop/_ide/psinit/ps7_init.tcl' is done.
16:03:07 INFO  : 'ps7_init' command is executed.
16:03:07 INFO  : 'ps7_post_config' command is executed.
16:03:07 INFO  : Context for processor 'ps7_cortexa9_0' is selected.
16:03:07 INFO  : The application 'D:/lkx/EmbeddedVitis/axi_dma_loop/vitis/axi_dma_loop/Debug/axi_dma_loop.elf' is downloaded to processor 'ps7_cortexa9_0'.
16:03:07 INFO  : 'configparams force-mem-access 0' command is executed.
16:03:07 INFO  : ----------------XSDB Script----------------
connect -url tcp:127.0.0.1:3121
targets -set -nocase -filter {name =~"APU*"}
rst -system
after 3000
targets -set -filter {jtag_cable_name =~ "Digilent JTAG-SMT2 210251A08870" && level==0 && jtag_device_ctx=="jsn-JTAG-SMT2-210251A08870-13722093-0"}
fpga -file D:/lkx/EmbeddedVitis/axi_dma_loop/vitis/axi_dma_loop/_ide/bitstream/axi_dma_loop_wrapper.bit
targets -set -nocase -filter {name =~"APU*"}
loadhw -hw D:/lkx/EmbeddedVitis/axi_dma_loop/vitis/axi_dma_loop_wrapper/export/axi_dma_loop_wrapper/hw/axi_dma_loop_wrapper.xsa -mem-ranges [list {0x40000000 0xbfffffff}] -regs
configparams force-mem-access 1
targets -set -nocase -filter {name =~"APU*"}
source D:/lkx/EmbeddedVitis/axi_dma_loop/vitis/axi_dma_loop/_ide/psinit/ps7_init.tcl
ps7_init
ps7_post_config
targets -set -nocase -filter {name =~ "*A9*#0"}
dow D:/lkx/EmbeddedVitis/axi_dma_loop/vitis/axi_dma_loop/Debug/axi_dma_loop.elf
configparams force-mem-access 0
----------------End of Script----------------

16:03:07 INFO  : Context for processor 'ps7_cortexa9_0' is selected.
16:03:07 INFO  : 'con' command is executed.
16:03:07 INFO  : ----------------XSDB Script (After Launch)----------------
targets -set -nocase -filter {name =~ "*A9*#0"}
con
----------------End of Script----------------

16:03:07 INFO  : Launch script is exported to file 'D:\lkx\EmbeddedVitis\axi_dma_loop\vitis\axi_dma_loop_system\_ide\scripts\debugger_axi_dma_loop-default.tcl'
16:03:20 INFO  : Disconnected from the channel tcfchan#12.
16:03:21 INFO  : Connected to target on host '127.0.0.1' and port '3121'.
16:03:21 INFO  : Jtag cable 'Digilent JTAG-SMT2 210251A08870' is selected.
16:03:21 INFO  : 'jtag frequency' command is executed.
16:03:21 INFO  : Context for 'APU' is selected.
16:03:21 INFO  : System reset is completed.
16:03:24 INFO  : 'after 3000' command is executed.
16:03:24 INFO  : 'targets -set -filter {jtag_cable_name =~ "Digilent JTAG-SMT2 210251A08870" && level==0 && jtag_device_ctx=="jsn-JTAG-SMT2-210251A08870-13722093-0"}' command is executed.
16:03:25 INFO  : Device configured successfully with "D:/lkx/EmbeddedVitis/axi_dma_loop/vitis/axi_dma_loop/_ide/bitstream/axi_dma_loop_wrapper.bit"
16:03:25 INFO  : Context for 'APU' is selected.
16:03:26 INFO  : Hardware design and registers information is loaded from 'D:/lkx/EmbeddedVitis/axi_dma_loop/vitis/axi_dma_loop_wrapper/export/axi_dma_loop_wrapper/hw/axi_dma_loop_wrapper.xsa'.
16:03:26 INFO  : 'configparams force-mem-access 1' command is executed.
16:03:26 INFO  : Context for 'APU' is selected.
16:03:26 INFO  : Sourcing of 'D:/lkx/EmbeddedVitis/axi_dma_loop/vitis/axi_dma_loop/_ide/psinit/ps7_init.tcl' is done.
16:03:26 INFO  : 'ps7_init' command is executed.
16:03:26 INFO  : 'ps7_post_config' command is executed.
16:03:26 INFO  : Context for processor 'ps7_cortexa9_0' is selected.
16:03:26 INFO  : The application 'D:/lkx/EmbeddedVitis/axi_dma_loop/vitis/axi_dma_loop/Debug/axi_dma_loop.elf' is downloaded to processor 'ps7_cortexa9_0'.
16:03:26 INFO  : 'configparams force-mem-access 0' command is executed.
16:03:26 INFO  : ----------------XSDB Script----------------
connect -url tcp:127.0.0.1:3121
targets -set -nocase -filter {name =~"APU*"}
rst -system
after 3000
targets -set -filter {jtag_cable_name =~ "Digilent JTAG-SMT2 210251A08870" && level==0 && jtag_device_ctx=="jsn-JTAG-SMT2-210251A08870-13722093-0"}
fpga -file D:/lkx/EmbeddedVitis/axi_dma_loop/vitis/axi_dma_loop/_ide/bitstream/axi_dma_loop_wrapper.bit
targets -set -nocase -filter {name =~"APU*"}
loadhw -hw D:/lkx/EmbeddedVitis/axi_dma_loop/vitis/axi_dma_loop_wrapper/export/axi_dma_loop_wrapper/hw/axi_dma_loop_wrapper.xsa -mem-ranges [list {0x40000000 0xbfffffff}] -regs
configparams force-mem-access 1
targets -set -nocase -filter {name =~"APU*"}
source D:/lkx/EmbeddedVitis/axi_dma_loop/vitis/axi_dma_loop/_ide/psinit/ps7_init.tcl
ps7_init
ps7_post_config
targets -set -nocase -filter {name =~ "*A9*#0"}
dow D:/lkx/EmbeddedVitis/axi_dma_loop/vitis/axi_dma_loop/Debug/axi_dma_loop.elf
configparams force-mem-access 0
----------------End of Script----------------

16:03:26 INFO  : Context for processor 'ps7_cortexa9_0' is selected.
16:03:26 INFO  : 'con' command is executed.
16:03:26 INFO  : ----------------XSDB Script (After Launch)----------------
targets -set -nocase -filter {name =~ "*A9*#0"}
con
----------------End of Script----------------

16:03:26 INFO  : Launch script is exported to file 'D:\lkx\EmbeddedVitis\axi_dma_loop\vitis\axi_dma_loop_system\_ide\scripts\debugger_axi_dma_loop-default.tcl'
16:05:06 INFO  : Disconnected from the channel tcfchan#13.
16:05:10 INFO  : Connected to target on host '127.0.0.1' and port '3121'.
16:05:10 INFO  : Jtag cable 'Digilent JTAG-SMT2 210251A08870' is selected.
16:05:10 INFO  : 'jtag frequency' command is executed.
16:05:10 INFO  : Context for 'APU' is selected.
16:05:10 INFO  : System reset is completed.
16:05:13 INFO  : 'after 3000' command is executed.
16:05:13 INFO  : 'targets -set -filter {jtag_cable_name =~ "Digilent JTAG-SMT2 210251A08870" && level==0 && jtag_device_ctx=="jsn-JTAG-SMT2-210251A08870-13722093-0"}' command is executed.
16:05:14 INFO  : Device configured successfully with "D:/lkx/EmbeddedVitis/axi_dma_loop/vitis/axi_dma_loop/_ide/bitstream/axi_dma_loop_wrapper.bit"
16:05:14 INFO  : Context for 'APU' is selected.
16:05:15 INFO  : Hardware design and registers information is loaded from 'D:/lkx/EmbeddedVitis/axi_dma_loop/vitis/axi_dma_loop_wrapper/export/axi_dma_loop_wrapper/hw/axi_dma_loop_wrapper.xsa'.
16:05:15 INFO  : 'configparams force-mem-access 1' command is executed.
16:05:15 INFO  : Context for 'APU' is selected.
16:05:15 INFO  : Sourcing of 'D:/lkx/EmbeddedVitis/axi_dma_loop/vitis/axi_dma_loop/_ide/psinit/ps7_init.tcl' is done.
16:05:15 INFO  : 'ps7_init' command is executed.
16:05:15 INFO  : 'ps7_post_config' command is executed.
16:05:15 INFO  : Context for processor 'ps7_cortexa9_0' is selected.
16:05:16 INFO  : The application 'D:/lkx/EmbeddedVitis/axi_dma_loop/vitis/axi_dma_loop/Debug/axi_dma_loop.elf' is downloaded to processor 'ps7_cortexa9_0'.
16:05:16 INFO  : 'configparams force-mem-access 0' command is executed.
16:05:16 INFO  : ----------------XSDB Script----------------
connect -url tcp:127.0.0.1:3121
targets -set -nocase -filter {name =~"APU*"}
rst -system
after 3000
targets -set -filter {jtag_cable_name =~ "Digilent JTAG-SMT2 210251A08870" && level==0 && jtag_device_ctx=="jsn-JTAG-SMT2-210251A08870-13722093-0"}
fpga -file D:/lkx/EmbeddedVitis/axi_dma_loop/vitis/axi_dma_loop/_ide/bitstream/axi_dma_loop_wrapper.bit
targets -set -nocase -filter {name =~"APU*"}
loadhw -hw D:/lkx/EmbeddedVitis/axi_dma_loop/vitis/axi_dma_loop_wrapper/export/axi_dma_loop_wrapper/hw/axi_dma_loop_wrapper.xsa -mem-ranges [list {0x40000000 0xbfffffff}] -regs
configparams force-mem-access 1
targets -set -nocase -filter {name =~"APU*"}
source D:/lkx/EmbeddedVitis/axi_dma_loop/vitis/axi_dma_loop/_ide/psinit/ps7_init.tcl
ps7_init
ps7_post_config
targets -set -nocase -filter {name =~ "*A9*#0"}
dow D:/lkx/EmbeddedVitis/axi_dma_loop/vitis/axi_dma_loop/Debug/axi_dma_loop.elf
configparams force-mem-access 0
----------------End of Script----------------

16:05:16 INFO  : Context for processor 'ps7_cortexa9_0' is selected.
16:05:16 INFO  : 'con' command is executed.
16:05:16 INFO  : ----------------XSDB Script (After Launch)----------------
targets -set -nocase -filter {name =~ "*A9*#0"}
con
----------------End of Script----------------

16:05:16 INFO  : Launch script is exported to file 'D:\lkx\EmbeddedVitis\axi_dma_loop\vitis\axi_dma_loop_system\_ide\scripts\debugger_axi_dma_loop-default.tcl'
16:05:32 INFO  : Disconnected from the channel tcfchan#14.
16:05:33 INFO  : Connected to target on host '127.0.0.1' and port '3121'.
16:05:33 INFO  : Jtag cable 'Digilent JTAG-SMT2 210251A08870' is selected.
16:05:33 INFO  : 'jtag frequency' command is executed.
16:05:33 INFO  : Context for 'APU' is selected.
16:05:33 INFO  : System reset is completed.
16:05:36 INFO  : 'after 3000' command is executed.
16:05:36 INFO  : 'targets -set -filter {jtag_cable_name =~ "Digilent JTAG-SMT2 210251A08870" && level==0 && jtag_device_ctx=="jsn-JTAG-SMT2-210251A08870-13722093-0"}' command is executed.
16:05:37 INFO  : Device configured successfully with "D:/lkx/EmbeddedVitis/axi_dma_loop/vitis/axi_dma_loop/_ide/bitstream/axi_dma_loop_wrapper.bit"
16:05:37 INFO  : Context for 'APU' is selected.
16:05:38 INFO  : Hardware design and registers information is loaded from 'D:/lkx/EmbeddedVitis/axi_dma_loop/vitis/axi_dma_loop_wrapper/export/axi_dma_loop_wrapper/hw/axi_dma_loop_wrapper.xsa'.
16:05:38 INFO  : 'configparams force-mem-access 1' command is executed.
16:05:38 INFO  : Context for 'APU' is selected.
16:05:38 INFO  : Sourcing of 'D:/lkx/EmbeddedVitis/axi_dma_loop/vitis/axi_dma_loop/_ide/psinit/ps7_init.tcl' is done.
16:05:38 INFO  : 'ps7_init' command is executed.
16:05:38 INFO  : 'ps7_post_config' command is executed.
16:05:38 INFO  : Context for processor 'ps7_cortexa9_0' is selected.
16:05:38 INFO  : The application 'D:/lkx/EmbeddedVitis/axi_dma_loop/vitis/axi_dma_loop/Debug/axi_dma_loop.elf' is downloaded to processor 'ps7_cortexa9_0'.
16:05:39 INFO  : 'configparams force-mem-access 0' command is executed.
16:05:39 INFO  : ----------------XSDB Script----------------
connect -url tcp:127.0.0.1:3121
targets -set -nocase -filter {name =~"APU*"}
rst -system
after 3000
targets -set -filter {jtag_cable_name =~ "Digilent JTAG-SMT2 210251A08870" && level==0 && jtag_device_ctx=="jsn-JTAG-SMT2-210251A08870-13722093-0"}
fpga -file D:/lkx/EmbeddedVitis/axi_dma_loop/vitis/axi_dma_loop/_ide/bitstream/axi_dma_loop_wrapper.bit
targets -set -nocase -filter {name =~"APU*"}
loadhw -hw D:/lkx/EmbeddedVitis/axi_dma_loop/vitis/axi_dma_loop_wrapper/export/axi_dma_loop_wrapper/hw/axi_dma_loop_wrapper.xsa -mem-ranges [list {0x40000000 0xbfffffff}] -regs
configparams force-mem-access 1
targets -set -nocase -filter {name =~"APU*"}
source D:/lkx/EmbeddedVitis/axi_dma_loop/vitis/axi_dma_loop/_ide/psinit/ps7_init.tcl
ps7_init
ps7_post_config
targets -set -nocase -filter {name =~ "*A9*#0"}
dow D:/lkx/EmbeddedVitis/axi_dma_loop/vitis/axi_dma_loop/Debug/axi_dma_loop.elf
configparams force-mem-access 0
----------------End of Script----------------

16:05:39 INFO  : Context for processor 'ps7_cortexa9_0' is selected.
16:05:39 INFO  : 'con' command is executed.
16:05:39 INFO  : ----------------XSDB Script (After Launch)----------------
targets -set -nocase -filter {name =~ "*A9*#0"}
con
----------------End of Script----------------

16:05:39 INFO  : Launch script is exported to file 'D:\lkx\EmbeddedVitis\axi_dma_loop\vitis\axi_dma_loop_system\_ide\scripts\debugger_axi_dma_loop-default.tcl'
16:07:21 INFO  : Disconnected from the channel tcfchan#15.
16:07:22 INFO  : Connected to target on host '127.0.0.1' and port '3121'.
16:07:22 INFO  : Jtag cable 'Digilent JTAG-SMT2 210251A08870' is selected.
16:07:22 INFO  : 'jtag frequency' command is executed.
16:07:22 INFO  : Context for 'APU' is selected.
16:07:22 INFO  : System reset is completed.
16:07:25 INFO  : 'after 3000' command is executed.
16:07:25 INFO  : 'targets -set -filter {jtag_cable_name =~ "Digilent JTAG-SMT2 210251A08870" && level==0 && jtag_device_ctx=="jsn-JTAG-SMT2-210251A08870-13722093-0"}' command is executed.
16:07:26 INFO  : Device configured successfully with "D:/lkx/EmbeddedVitis/axi_dma_loop/vitis/axi_dma_loop/_ide/bitstream/axi_dma_loop_wrapper.bit"
16:07:26 INFO  : Context for 'APU' is selected.
16:07:27 INFO  : Hardware design and registers information is loaded from 'D:/lkx/EmbeddedVitis/axi_dma_loop/vitis/axi_dma_loop_wrapper/export/axi_dma_loop_wrapper/hw/axi_dma_loop_wrapper.xsa'.
16:07:27 INFO  : 'configparams force-mem-access 1' command is executed.
16:07:27 INFO  : Context for 'APU' is selected.
16:07:27 INFO  : Sourcing of 'D:/lkx/EmbeddedVitis/axi_dma_loop/vitis/axi_dma_loop/_ide/psinit/ps7_init.tcl' is done.
16:07:27 INFO  : 'ps7_init' command is executed.
16:07:27 INFO  : 'ps7_post_config' command is executed.
16:07:27 INFO  : Context for processor 'ps7_cortexa9_0' is selected.
16:07:27 INFO  : The application 'D:/lkx/EmbeddedVitis/axi_dma_loop/vitis/axi_dma_loop/Debug/axi_dma_loop.elf' is downloaded to processor 'ps7_cortexa9_0'.
16:07:27 INFO  : 'configparams force-mem-access 0' command is executed.
16:07:27 INFO  : ----------------XSDB Script----------------
connect -url tcp:127.0.0.1:3121
targets -set -nocase -filter {name =~"APU*"}
rst -system
after 3000
targets -set -filter {jtag_cable_name =~ "Digilent JTAG-SMT2 210251A08870" && level==0 && jtag_device_ctx=="jsn-JTAG-SMT2-210251A08870-13722093-0"}
fpga -file D:/lkx/EmbeddedVitis/axi_dma_loop/vitis/axi_dma_loop/_ide/bitstream/axi_dma_loop_wrapper.bit
targets -set -nocase -filter {name =~"APU*"}
loadhw -hw D:/lkx/EmbeddedVitis/axi_dma_loop/vitis/axi_dma_loop_wrapper/export/axi_dma_loop_wrapper/hw/axi_dma_loop_wrapper.xsa -mem-ranges [list {0x40000000 0xbfffffff}] -regs
configparams force-mem-access 1
targets -set -nocase -filter {name =~"APU*"}
source D:/lkx/EmbeddedVitis/axi_dma_loop/vitis/axi_dma_loop/_ide/psinit/ps7_init.tcl
ps7_init
ps7_post_config
targets -set -nocase -filter {name =~ "*A9*#0"}
dow D:/lkx/EmbeddedVitis/axi_dma_loop/vitis/axi_dma_loop/Debug/axi_dma_loop.elf
configparams force-mem-access 0
----------------End of Script----------------

16:07:28 INFO  : Context for processor 'ps7_cortexa9_0' is selected.
16:07:28 INFO  : 'con' command is executed.
16:07:28 INFO  : ----------------XSDB Script (After Launch)----------------
targets -set -nocase -filter {name =~ "*A9*#0"}
con
----------------End of Script----------------

16:07:28 INFO  : Launch script is exported to file 'D:\lkx\EmbeddedVitis\axi_dma_loop\vitis\axi_dma_loop_system\_ide\scripts\debugger_axi_dma_loop-default.tcl'
16:08:19 INFO  : Disconnected from the channel tcfchan#16.
