11:19:29 INFO  : Registering command handlers for Vitis TCF services
11:19:29 INFO  : Launching XSCT server: xsct.bat -n  -interactive D:\EmbeddedVitis\axi_gpio\vitis\temp_xsdb_launch_script.tcl
11:19:32 INFO  : XSCT server has started successfully.
11:19:32 INFO  : Platform repository initialization has completed.
11:19:37 INFO  : Successfully done setting XSCT server connection channel  
11:19:37 INFO  : plnx-install-location is set to ''
11:19:37 INFO  : Successfully done query RDI_DATADIR 
11:19:37 INFO  : Successfully done setting workspace for the tool. 
11:20:23 INFO  : Result from executing command 'getProjects': axi_gpio_wrapper
11:20:23 INFO  : Result from executing command 'getPlatforms': 
11:20:23 WARN  : An unexpected exception occurred in the module 'platform project logging'
11:20:23 INFO  : Platform 'axi_gpio_wrapper' is added to custom repositories.
11:20:30 INFO  : Platform 'axi_gpio_wrapper' is added to custom repositories.
20:39:28 INFO  : Result from executing command 'getProjects': axi_gpio_wrapper
20:39:28 INFO  : Result from executing command 'getPlatforms': D:\EmbeddedVitis\axi_gpio\vitis\axi_gpio_wrapper\export\axi_gpio_wrapper\axi_gpio_wrapper.xpfm|D:/EmbeddedVitis/axi_gpio/vitis/axi_gpio_wrapper/export/axi_gpio_wrapper/axi_gpio_wrapper.xpfm
20:39:28 INFO  : Checking for BSP changes to sync application flags for project 'axi_gpio'...
20:41:57 INFO  : Checking for BSP changes to sync application flags for project 'axi_gpio'...
20:42:58 INFO  : Checking for BSP changes to sync application flags for project 'axi_gpio'...
20:43:15 INFO  : Connected to target on host '127.0.0.1' and port '3121'.
20:43:16 INFO  : Jtag cable 'Digilent JTAG-SMT2 210251A08870' is selected.
20:43:16 INFO  : 'jtag frequency' command is executed.
20:43:16 INFO  : Context for 'APU' is selected.
20:43:16 INFO  : System reset is completed.
20:43:19 INFO  : 'after 3000' command is executed.
20:43:19 INFO  : 'targets -set -filter {jtag_cable_name =~ "Digilent JTAG-SMT2 210251A08870" && level==0 && jtag_device_ctx=="jsn-JTAG-SMT2-210251A08870-13722093-0"}' command is executed.
20:43:20 INFO  : Device configured successfully with "D:/EmbeddedVitis/axi_gpio/vitis/axi_gpio/_ide/bitstream/axi_gpio_wrapper.bit"
20:43:20 INFO  : Context for 'APU' is selected.
20:43:20 INFO  : Hardware design and registers information is loaded from 'D:/EmbeddedVitis/axi_gpio/vitis/axi_gpio_wrapper/export/axi_gpio_wrapper/hw/axi_gpio_wrapper.xsa'.
20:43:20 INFO  : 'configparams force-mem-access 1' command is executed.
20:43:20 INFO  : Context for 'APU' is selected.
20:43:20 INFO  : Sourcing of 'D:/EmbeddedVitis/axi_gpio/vitis/axi_gpio/_ide/psinit/ps7_init.tcl' is done.
20:43:21 INFO  : 'ps7_init' command is executed.
20:43:21 INFO  : 'ps7_post_config' command is executed.
20:43:21 INFO  : Context for processor 'ps7_cortexa9_0' is selected.
20:43:21 INFO  : The application 'D:/EmbeddedVitis/axi_gpio/vitis/axi_gpio/Debug/axi_gpio.elf' is downloaded to processor 'ps7_cortexa9_0'.
20:43:21 INFO  : 'configparams force-mem-access 0' command is executed.
20:43:21 INFO  : ----------------XSDB Script----------------
connect -url tcp:127.0.0.1:3121
targets -set -nocase -filter {name =~"APU*"}
rst -system
after 3000
targets -set -filter {jtag_cable_name =~ "Digilent JTAG-SMT2 210251A08870" && level==0 && jtag_device_ctx=="jsn-JTAG-SMT2-210251A08870-13722093-0"}
fpga -file D:/EmbeddedVitis/axi_gpio/vitis/axi_gpio/_ide/bitstream/axi_gpio_wrapper.bit
targets -set -nocase -filter {name =~"APU*"}
loadhw -hw D:/EmbeddedVitis/axi_gpio/vitis/axi_gpio_wrapper/export/axi_gpio_wrapper/hw/axi_gpio_wrapper.xsa -mem-ranges [list {0x40000000 0xbfffffff}] -regs
configparams force-mem-access 1
targets -set -nocase -filter {name =~"APU*"}
source D:/EmbeddedVitis/axi_gpio/vitis/axi_gpio/_ide/psinit/ps7_init.tcl
ps7_init
ps7_post_config
targets -set -nocase -filter {name =~ "*A9*#0"}
dow D:/EmbeddedVitis/axi_gpio/vitis/axi_gpio/Debug/axi_gpio.elf
configparams force-mem-access 0
----------------End of Script----------------

20:43:21 INFO  : Context for processor 'ps7_cortexa9_0' is selected.
20:43:21 INFO  : 'con' command is executed.
20:43:21 INFO  : ----------------XSDB Script (After Launch)----------------
targets -set -nocase -filter {name =~ "*A9*#0"}
con
----------------End of Script----------------

20:43:21 INFO  : Launch script is exported to file 'D:\EmbeddedVitis\axi_gpio\vitis\axi_gpio_system\_ide\scripts\debugger_axi_gpio-default.tcl'
