22:36:06 INFO  : Launching XSCT server: xsct.bat -n  -interactive D:\EmbeddedVitis\axi_gpio2\vitis\temp_xsdb_launch_script.tcl
22:36:07 INFO  : Registering command handlers for Vitis TCF services
22:36:09 INFO  : XSCT server has started successfully.
22:36:09 INFO  : Platform repository initialization has completed.
22:36:09 INFO  : Successfully done setting XSCT server connection channel  
22:36:09 INFO  : plnx-install-location is set to ''
22:36:09 INFO  : Successfully done query RDI_DATADIR 
22:36:09 INFO  : Successfully done setting workspace for the tool. 
22:36:40 INFO  : Result from executing command 'getProjects': axi_gpio2_wrapper
22:36:40 INFO  : Result from executing command 'getPlatforms': 
22:36:40 WARN  : An unexpected exception occurred in the module 'platform project logging'
22:36:40 INFO  : Platform 'axi_gpio2_wrapper' is added to custom repositories.
22:36:47 INFO  : Platform 'axi_gpio2_wrapper' is added to custom repositories.
22:38:26 INFO  : Result from executing command 'getProjects': axi_gpio2_wrapper
22:38:26 INFO  : Result from executing command 'getPlatforms': axi_gpio2_wrapper|D:/EmbeddedVitis/axi_gpio2/vitis/axi_gpio2_wrapper/export/axi_gpio2_wrapper/axi_gpio2_wrapper.xpfm
22:38:27 INFO  : Checking for BSP changes to sync application flags for project 'axi_gpio2'...
22:38:37 INFO  : Connected to target on host '127.0.0.1' and port '3121'.
22:38:37 INFO  : Jtag cable 'Digilent JTAG-SMT2 210251A08870' is selected.
22:38:37 INFO  : 'jtag frequency' command is executed.
22:38:37 INFO  : Context for 'APU' is selected.
22:38:37 INFO  : System reset is completed.
22:38:40 INFO  : 'after 3000' command is executed.
22:38:40 INFO  : 'targets -set -filter {jtag_cable_name =~ "Digilent JTAG-SMT2 210251A08870" && level==0 && jtag_device_ctx=="jsn-JTAG-SMT2-210251A08870-13722093-0"}' command is executed.
22:38:42 INFO  : Device configured successfully with "D:/EmbeddedVitis/axi_gpio2/vitis/axi_gpio2/_ide/bitstream/axi_gpio2_wrapper.bit"
22:38:42 INFO  : Context for 'APU' is selected.
22:38:42 INFO  : Hardware design and registers information is loaded from 'D:/EmbeddedVitis/axi_gpio2/vitis/axi_gpio2_wrapper/export/axi_gpio2_wrapper/hw/axi_gpio2_wrapper.xsa'.
22:38:42 INFO  : 'configparams force-mem-access 1' command is executed.
22:38:42 INFO  : Context for 'APU' is selected.
22:38:42 INFO  : Sourcing of 'D:/EmbeddedVitis/axi_gpio2/vitis/axi_gpio2/_ide/psinit/ps7_init.tcl' is done.
22:38:42 INFO  : 'ps7_init' command is executed.
22:38:42 INFO  : 'ps7_post_config' command is executed.
22:38:42 INFO  : Context for processor 'ps7_cortexa9_0' is selected.
22:38:42 INFO  : The application 'D:/EmbeddedVitis/axi_gpio2/vitis/axi_gpio2/Debug/axi_gpio2.elf' is downloaded to processor 'ps7_cortexa9_0'.
22:38:42 INFO  : 'configparams force-mem-access 0' command is executed.
22:38:42 INFO  : ----------------XSDB Script----------------
connect -url tcp:127.0.0.1:3121
targets -set -nocase -filter {name =~"APU*"}
rst -system
after 3000
targets -set -filter {jtag_cable_name =~ "Digilent JTAG-SMT2 210251A08870" && level==0 && jtag_device_ctx=="jsn-JTAG-SMT2-210251A08870-13722093-0"}
fpga -file D:/EmbeddedVitis/axi_gpio2/vitis/axi_gpio2/_ide/bitstream/axi_gpio2_wrapper.bit
targets -set -nocase -filter {name =~"APU*"}
loadhw -hw D:/EmbeddedVitis/axi_gpio2/vitis/axi_gpio2_wrapper/export/axi_gpio2_wrapper/hw/axi_gpio2_wrapper.xsa -mem-ranges [list {0x40000000 0xbfffffff}] -regs
configparams force-mem-access 1
targets -set -nocase -filter {name =~"APU*"}
source D:/EmbeddedVitis/axi_gpio2/vitis/axi_gpio2/_ide/psinit/ps7_init.tcl
ps7_init
ps7_post_config
targets -set -nocase -filter {name =~ "*A9*#0"}
dow D:/EmbeddedVitis/axi_gpio2/vitis/axi_gpio2/Debug/axi_gpio2.elf
configparams force-mem-access 0
----------------End of Script----------------

22:38:43 INFO  : Context for processor 'ps7_cortexa9_0' is selected.
22:38:43 INFO  : 'con' command is executed.
22:38:43 INFO  : ----------------XSDB Script (After Launch)----------------
targets -set -nocase -filter {name =~ "*A9*#0"}
con
----------------End of Script----------------

22:38:43 INFO  : Launch script is exported to file 'D:\EmbeddedVitis\axi_gpio2\vitis\axi_gpio2_system\_ide\scripts\debugger_axi_gpio2-default.tcl'
22:42:57 INFO  : Checking for BSP changes to sync application flags for project 'axi_gpio2'...
22:43:02 INFO  : Disconnected from the channel tcfchan#2.
22:43:03 INFO  : Connected to target on host '127.0.0.1' and port '3121'.
22:43:03 INFO  : Jtag cable 'Digilent JTAG-SMT2 210251A08870' is selected.
22:43:03 INFO  : 'jtag frequency' command is executed.
22:43:03 INFO  : Context for 'APU' is selected.
22:43:03 INFO  : System reset is completed.
22:43:06 INFO  : 'after 3000' command is executed.
22:43:07 INFO  : 'targets -set -filter {jtag_cable_name =~ "Digilent JTAG-SMT2 210251A08870" && level==0 && jtag_device_ctx=="jsn-JTAG-SMT2-210251A08870-13722093-0"}' command is executed.
22:43:08 INFO  : Device configured successfully with "D:/EmbeddedVitis/axi_gpio2/vitis/axi_gpio2/_ide/bitstream/axi_gpio2_wrapper.bit"
22:43:08 INFO  : Context for 'APU' is selected.
22:43:08 INFO  : Hardware design and registers information is loaded from 'D:/EmbeddedVitis/axi_gpio2/vitis/axi_gpio2_wrapper/export/axi_gpio2_wrapper/hw/axi_gpio2_wrapper.xsa'.
22:43:08 INFO  : 'configparams force-mem-access 1' command is executed.
22:43:08 INFO  : Context for 'APU' is selected.
22:43:08 INFO  : Sourcing of 'D:/EmbeddedVitis/axi_gpio2/vitis/axi_gpio2/_ide/psinit/ps7_init.tcl' is done.
22:43:08 INFO  : 'ps7_init' command is executed.
22:43:08 INFO  : 'ps7_post_config' command is executed.
22:43:08 INFO  : Context for processor 'ps7_cortexa9_0' is selected.
22:43:08 INFO  : The application 'D:/EmbeddedVitis/axi_gpio2/vitis/axi_gpio2/Debug/axi_gpio2.elf' is downloaded to processor 'ps7_cortexa9_0'.
22:43:08 INFO  : 'configparams force-mem-access 0' command is executed.
22:43:08 INFO  : ----------------XSDB Script----------------
connect -url tcp:127.0.0.1:3121
targets -set -nocase -filter {name =~"APU*"}
rst -system
after 3000
targets -set -filter {jtag_cable_name =~ "Digilent JTAG-SMT2 210251A08870" && level==0 && jtag_device_ctx=="jsn-JTAG-SMT2-210251A08870-13722093-0"}
fpga -file D:/EmbeddedVitis/axi_gpio2/vitis/axi_gpio2/_ide/bitstream/axi_gpio2_wrapper.bit
targets -set -nocase -filter {name =~"APU*"}
loadhw -hw D:/EmbeddedVitis/axi_gpio2/vitis/axi_gpio2_wrapper/export/axi_gpio2_wrapper/hw/axi_gpio2_wrapper.xsa -mem-ranges [list {0x40000000 0xbfffffff}] -regs
configparams force-mem-access 1
targets -set -nocase -filter {name =~"APU*"}
source D:/EmbeddedVitis/axi_gpio2/vitis/axi_gpio2/_ide/psinit/ps7_init.tcl
ps7_init
ps7_post_config
targets -set -nocase -filter {name =~ "*A9*#0"}
dow D:/EmbeddedVitis/axi_gpio2/vitis/axi_gpio2/Debug/axi_gpio2.elf
configparams force-mem-access 0
----------------End of Script----------------

22:43:08 INFO  : Context for processor 'ps7_cortexa9_0' is selected.
22:43:08 INFO  : 'con' command is executed.
22:43:08 INFO  : ----------------XSDB Script (After Launch)----------------
targets -set -nocase -filter {name =~ "*A9*#0"}
con
----------------End of Script----------------

22:43:08 INFO  : Launch script is exported to file 'D:\EmbeddedVitis\axi_gpio2\vitis\axi_gpio2_system\_ide\scripts\debugger_axi_gpio2-default.tcl'
22:43:58 INFO  : Checking for BSP changes to sync application flags for project 'axi_gpio2'...
22:44:05 INFO  : Disconnected from the channel tcfchan#3.
22:44:06 INFO  : Connected to target on host '127.0.0.1' and port '3121'.
22:44:06 INFO  : Jtag cable 'Digilent JTAG-SMT2 210251A08870' is selected.
22:44:06 INFO  : 'jtag frequency' command is executed.
22:44:06 INFO  : Context for 'APU' is selected.
22:44:06 INFO  : System reset is completed.
22:44:09 INFO  : 'after 3000' command is executed.
22:44:09 INFO  : 'targets -set -filter {jtag_cable_name =~ "Digilent JTAG-SMT2 210251A08870" && level==0 && jtag_device_ctx=="jsn-JTAG-SMT2-210251A08870-13722093-0"}' command is executed.
22:44:10 INFO  : Device configured successfully with "D:/EmbeddedVitis/axi_gpio2/vitis/axi_gpio2/_ide/bitstream/axi_gpio2_wrapper.bit"
22:44:10 INFO  : Context for 'APU' is selected.
22:44:10 INFO  : Hardware design and registers information is loaded from 'D:/EmbeddedVitis/axi_gpio2/vitis/axi_gpio2_wrapper/export/axi_gpio2_wrapper/hw/axi_gpio2_wrapper.xsa'.
22:44:11 INFO  : 'configparams force-mem-access 1' command is executed.
22:44:11 INFO  : Context for 'APU' is selected.
22:44:11 INFO  : Sourcing of 'D:/EmbeddedVitis/axi_gpio2/vitis/axi_gpio2/_ide/psinit/ps7_init.tcl' is done.
22:44:11 INFO  : 'ps7_init' command is executed.
22:44:11 INFO  : 'ps7_post_config' command is executed.
22:44:11 INFO  : Context for processor 'ps7_cortexa9_0' is selected.
22:44:11 INFO  : The application 'D:/EmbeddedVitis/axi_gpio2/vitis/axi_gpio2/Debug/axi_gpio2.elf' is downloaded to processor 'ps7_cortexa9_0'.
22:44:11 INFO  : 'configparams force-mem-access 0' command is executed.
22:44:11 INFO  : ----------------XSDB Script----------------
connect -url tcp:127.0.0.1:3121
targets -set -nocase -filter {name =~"APU*"}
rst -system
after 3000
targets -set -filter {jtag_cable_name =~ "Digilent JTAG-SMT2 210251A08870" && level==0 && jtag_device_ctx=="jsn-JTAG-SMT2-210251A08870-13722093-0"}
fpga -file D:/EmbeddedVitis/axi_gpio2/vitis/axi_gpio2/_ide/bitstream/axi_gpio2_wrapper.bit
targets -set -nocase -filter {name =~"APU*"}
loadhw -hw D:/EmbeddedVitis/axi_gpio2/vitis/axi_gpio2_wrapper/export/axi_gpio2_wrapper/hw/axi_gpio2_wrapper.xsa -mem-ranges [list {0x40000000 0xbfffffff}] -regs
configparams force-mem-access 1
targets -set -nocase -filter {name =~"APU*"}
source D:/EmbeddedVitis/axi_gpio2/vitis/axi_gpio2/_ide/psinit/ps7_init.tcl
ps7_init
ps7_post_config
targets -set -nocase -filter {name =~ "*A9*#0"}
dow D:/EmbeddedVitis/axi_gpio2/vitis/axi_gpio2/Debug/axi_gpio2.elf
configparams force-mem-access 0
----------------End of Script----------------

22:44:11 INFO  : Context for processor 'ps7_cortexa9_0' is selected.
22:44:11 INFO  : 'con' command is executed.
22:44:11 INFO  : ----------------XSDB Script (After Launch)----------------
targets -set -nocase -filter {name =~ "*A9*#0"}
con
----------------End of Script----------------

22:44:11 INFO  : Launch script is exported to file 'D:\EmbeddedVitis\axi_gpio2\vitis\axi_gpio2_system\_ide\scripts\debugger_axi_gpio2-default.tcl'
22:45:21 INFO  : Checking for BSP changes to sync application flags for project 'axi_gpio2'...
22:45:26 INFO  : Disconnected from the channel tcfchan#4.
22:45:27 INFO  : Connected to target on host '127.0.0.1' and port '3121'.
22:45:27 INFO  : Jtag cable 'Digilent JTAG-SMT2 210251A08870' is selected.
22:45:27 INFO  : 'jtag frequency' command is executed.
22:45:27 INFO  : Context for 'APU' is selected.
22:45:28 INFO  : System reset is completed.
22:45:31 INFO  : 'after 3000' command is executed.
22:45:31 INFO  : 'targets -set -filter {jtag_cable_name =~ "Digilent JTAG-SMT2 210251A08870" && level==0 && jtag_device_ctx=="jsn-JTAG-SMT2-210251A08870-13722093-0"}' command is executed.
22:45:32 INFO  : Device configured successfully with "D:/EmbeddedVitis/axi_gpio2/vitis/axi_gpio2/_ide/bitstream/axi_gpio2_wrapper.bit"
22:45:32 INFO  : Context for 'APU' is selected.
22:45:32 INFO  : Hardware design and registers information is loaded from 'D:/EmbeddedVitis/axi_gpio2/vitis/axi_gpio2_wrapper/export/axi_gpio2_wrapper/hw/axi_gpio2_wrapper.xsa'.
22:45:32 INFO  : 'configparams force-mem-access 1' command is executed.
22:45:32 INFO  : Context for 'APU' is selected.
22:45:32 INFO  : Sourcing of 'D:/EmbeddedVitis/axi_gpio2/vitis/axi_gpio2/_ide/psinit/ps7_init.tcl' is done.
22:45:32 INFO  : 'ps7_init' command is executed.
22:45:32 INFO  : 'ps7_post_config' command is executed.
22:45:32 INFO  : Context for processor 'ps7_cortexa9_0' is selected.
22:45:32 INFO  : The application 'D:/EmbeddedVitis/axi_gpio2/vitis/axi_gpio2/Debug/axi_gpio2.elf' is downloaded to processor 'ps7_cortexa9_0'.
22:45:32 INFO  : 'configparams force-mem-access 0' command is executed.
22:45:32 INFO  : ----------------XSDB Script----------------
connect -url tcp:127.0.0.1:3121
targets -set -nocase -filter {name =~"APU*"}
rst -system
after 3000
targets -set -filter {jtag_cable_name =~ "Digilent JTAG-SMT2 210251A08870" && level==0 && jtag_device_ctx=="jsn-JTAG-SMT2-210251A08870-13722093-0"}
fpga -file D:/EmbeddedVitis/axi_gpio2/vitis/axi_gpio2/_ide/bitstream/axi_gpio2_wrapper.bit
targets -set -nocase -filter {name =~"APU*"}
loadhw -hw D:/EmbeddedVitis/axi_gpio2/vitis/axi_gpio2_wrapper/export/axi_gpio2_wrapper/hw/axi_gpio2_wrapper.xsa -mem-ranges [list {0x40000000 0xbfffffff}] -regs
configparams force-mem-access 1
targets -set -nocase -filter {name =~"APU*"}
source D:/EmbeddedVitis/axi_gpio2/vitis/axi_gpio2/_ide/psinit/ps7_init.tcl
ps7_init
ps7_post_config
targets -set -nocase -filter {name =~ "*A9*#0"}
dow D:/EmbeddedVitis/axi_gpio2/vitis/axi_gpio2/Debug/axi_gpio2.elf
configparams force-mem-access 0
----------------End of Script----------------

22:45:33 INFO  : Context for processor 'ps7_cortexa9_0' is selected.
22:45:33 INFO  : 'con' command is executed.
22:45:33 INFO  : ----------------XSDB Script (After Launch)----------------
targets -set -nocase -filter {name =~ "*A9*#0"}
con
----------------End of Script----------------

22:45:33 INFO  : Launch script is exported to file 'D:\EmbeddedVitis\axi_gpio2\vitis\axi_gpio2_system\_ide\scripts\debugger_axi_gpio2-default.tcl'
22:46:05 INFO  : Disconnected from the channel tcfchan#5.
22:46:06 INFO  : Connected to target on host '127.0.0.1' and port '3121'.
22:46:07 INFO  : Jtag cable 'Digilent JTAG-SMT2 210251A08870' is selected.
22:46:07 INFO  : 'jtag frequency' command is executed.
22:46:07 INFO  : Context for 'APU' is selected.
22:46:07 INFO  : System reset is completed.
22:46:10 INFO  : 'after 3000' command is executed.
22:46:10 INFO  : 'targets -set -filter {jtag_cable_name =~ "Digilent JTAG-SMT2 210251A08870" && level==0 && jtag_device_ctx=="jsn-JTAG-SMT2-210251A08870-13722093-0"}' command is executed.
22:46:11 INFO  : Device configured successfully with "D:/EmbeddedVitis/axi_gpio2/vitis/axi_gpio2/_ide/bitstream/axi_gpio2_wrapper.bit"
22:46:11 INFO  : Context for 'APU' is selected.
22:46:11 INFO  : Hardware design and registers information is loaded from 'D:/EmbeddedVitis/axi_gpio2/vitis/axi_gpio2_wrapper/export/axi_gpio2_wrapper/hw/axi_gpio2_wrapper.xsa'.
22:46:11 INFO  : 'configparams force-mem-access 1' command is executed.
22:46:11 INFO  : Context for 'APU' is selected.
22:46:11 INFO  : Sourcing of 'D:/EmbeddedVitis/axi_gpio2/vitis/axi_gpio2/_ide/psinit/ps7_init.tcl' is done.
22:46:11 INFO  : 'ps7_init' command is executed.
22:46:11 INFO  : 'ps7_post_config' command is executed.
22:46:11 INFO  : Context for processor 'ps7_cortexa9_0' is selected.
22:46:12 INFO  : The application 'D:/EmbeddedVitis/axi_gpio2/vitis/axi_gpio2/Debug/axi_gpio2.elf' is downloaded to processor 'ps7_cortexa9_0'.
22:46:12 INFO  : 'configparams force-mem-access 0' command is executed.
22:46:12 INFO  : ----------------XSDB Script----------------
connect -url tcp:127.0.0.1:3121
targets -set -nocase -filter {name =~"APU*"}
rst -system
after 3000
targets -set -filter {jtag_cable_name =~ "Digilent JTAG-SMT2 210251A08870" && level==0 && jtag_device_ctx=="jsn-JTAG-SMT2-210251A08870-13722093-0"}
fpga -file D:/EmbeddedVitis/axi_gpio2/vitis/axi_gpio2/_ide/bitstream/axi_gpio2_wrapper.bit
targets -set -nocase -filter {name =~"APU*"}
loadhw -hw D:/EmbeddedVitis/axi_gpio2/vitis/axi_gpio2_wrapper/export/axi_gpio2_wrapper/hw/axi_gpio2_wrapper.xsa -mem-ranges [list {0x40000000 0xbfffffff}] -regs
configparams force-mem-access 1
targets -set -nocase -filter {name =~"APU*"}
source D:/EmbeddedVitis/axi_gpio2/vitis/axi_gpio2/_ide/psinit/ps7_init.tcl
ps7_init
ps7_post_config
targets -set -nocase -filter {name =~ "*A9*#0"}
dow D:/EmbeddedVitis/axi_gpio2/vitis/axi_gpio2/Debug/axi_gpio2.elf
configparams force-mem-access 0
----------------End of Script----------------

22:46:12 INFO  : Context for processor 'ps7_cortexa9_0' is selected.
22:46:12 INFO  : 'con' command is executed.
22:46:12 INFO  : ----------------XSDB Script (After Launch)----------------
targets -set -nocase -filter {name =~ "*A9*#0"}
con
----------------End of Script----------------

22:46:12 INFO  : Launch script is exported to file 'D:\EmbeddedVitis\axi_gpio2\vitis\axi_gpio2_system\_ide\scripts\debugger_axi_gpio2-default.tcl'
22:50:26 INFO  : Checking for BSP changes to sync application flags for project 'axi_gpio2'...
22:50:31 INFO  : Disconnected from the channel tcfchan#6.
22:50:32 INFO  : Connected to target on host '127.0.0.1' and port '3121'.
22:50:32 INFO  : Jtag cable 'Digilent JTAG-SMT2 210251A08870' is selected.
22:50:32 INFO  : 'jtag frequency' command is executed.
22:50:32 INFO  : Context for 'APU' is selected.
22:50:32 INFO  : System reset is completed.
22:50:35 INFO  : 'after 3000' command is executed.
22:50:35 INFO  : 'targets -set -filter {jtag_cable_name =~ "Digilent JTAG-SMT2 210251A08870" && level==0 && jtag_device_ctx=="jsn-JTAG-SMT2-210251A08870-13722093-0"}' command is executed.
22:50:36 INFO  : Device configured successfully with "D:/EmbeddedVitis/axi_gpio2/vitis/axi_gpio2/_ide/bitstream/axi_gpio2_wrapper.bit"
22:50:36 INFO  : Context for 'APU' is selected.
22:50:36 INFO  : Hardware design and registers information is loaded from 'D:/EmbeddedVitis/axi_gpio2/vitis/axi_gpio2_wrapper/export/axi_gpio2_wrapper/hw/axi_gpio2_wrapper.xsa'.
22:50:36 INFO  : 'configparams force-mem-access 1' command is executed.
22:50:36 INFO  : Context for 'APU' is selected.
22:50:36 INFO  : Sourcing of 'D:/EmbeddedVitis/axi_gpio2/vitis/axi_gpio2/_ide/psinit/ps7_init.tcl' is done.
22:50:36 INFO  : 'ps7_init' command is executed.
22:50:36 INFO  : 'ps7_post_config' command is executed.
22:50:36 INFO  : Context for processor 'ps7_cortexa9_0' is selected.
22:50:37 INFO  : The application 'D:/EmbeddedVitis/axi_gpio2/vitis/axi_gpio2/Debug/axi_gpio2.elf' is downloaded to processor 'ps7_cortexa9_0'.
22:50:37 INFO  : 'configparams force-mem-access 0' command is executed.
22:50:37 INFO  : ----------------XSDB Script----------------
connect -url tcp:127.0.0.1:3121
targets -set -nocase -filter {name =~"APU*"}
rst -system
after 3000
targets -set -filter {jtag_cable_name =~ "Digilent JTAG-SMT2 210251A08870" && level==0 && jtag_device_ctx=="jsn-JTAG-SMT2-210251A08870-13722093-0"}
fpga -file D:/EmbeddedVitis/axi_gpio2/vitis/axi_gpio2/_ide/bitstream/axi_gpio2_wrapper.bit
targets -set -nocase -filter {name =~"APU*"}
loadhw -hw D:/EmbeddedVitis/axi_gpio2/vitis/axi_gpio2_wrapper/export/axi_gpio2_wrapper/hw/axi_gpio2_wrapper.xsa -mem-ranges [list {0x40000000 0xbfffffff}] -regs
configparams force-mem-access 1
targets -set -nocase -filter {name =~"APU*"}
source D:/EmbeddedVitis/axi_gpio2/vitis/axi_gpio2/_ide/psinit/ps7_init.tcl
ps7_init
ps7_post_config
targets -set -nocase -filter {name =~ "*A9*#0"}
dow D:/EmbeddedVitis/axi_gpio2/vitis/axi_gpio2/Debug/axi_gpio2.elf
configparams force-mem-access 0
----------------End of Script----------------

22:50:37 INFO  : Context for processor 'ps7_cortexa9_0' is selected.
22:50:37 INFO  : 'con' command is executed.
22:50:37 INFO  : ----------------XSDB Script (After Launch)----------------
targets -set -nocase -filter {name =~ "*A9*#0"}
con
----------------End of Script----------------

22:50:37 INFO  : Launch script is exported to file 'D:\EmbeddedVitis\axi_gpio2\vitis\axi_gpio2_system\_ide\scripts\debugger_axi_gpio2-default.tcl'
22:51:02 INFO  : Checking for BSP changes to sync application flags for project 'axi_gpio2'...
22:51:09 INFO  : Disconnected from the channel tcfchan#7.
22:51:10 INFO  : Connected to target on host '127.0.0.1' and port '3121'.
22:51:10 INFO  : Jtag cable 'Digilent JTAG-SMT2 210251A08870' is selected.
22:51:10 INFO  : 'jtag frequency' command is executed.
22:51:10 INFO  : Context for 'APU' is selected.
22:51:10 INFO  : System reset is completed.
22:51:13 INFO  : 'after 3000' command is executed.
22:51:13 INFO  : 'targets -set -filter {jtag_cable_name =~ "Digilent JTAG-SMT2 210251A08870" && level==0 && jtag_device_ctx=="jsn-JTAG-SMT2-210251A08870-13722093-0"}' command is executed.
22:51:14 INFO  : Device configured successfully with "D:/EmbeddedVitis/axi_gpio2/vitis/axi_gpio2/_ide/bitstream/axi_gpio2_wrapper.bit"
22:51:14 INFO  : Context for 'APU' is selected.
22:51:14 INFO  : Hardware design and registers information is loaded from 'D:/EmbeddedVitis/axi_gpio2/vitis/axi_gpio2_wrapper/export/axi_gpio2_wrapper/hw/axi_gpio2_wrapper.xsa'.
22:51:14 INFO  : 'configparams force-mem-access 1' command is executed.
22:51:14 INFO  : Context for 'APU' is selected.
22:51:14 INFO  : Sourcing of 'D:/EmbeddedVitis/axi_gpio2/vitis/axi_gpio2/_ide/psinit/ps7_init.tcl' is done.
22:51:14 INFO  : 'ps7_init' command is executed.
22:51:14 INFO  : 'ps7_post_config' command is executed.
22:51:14 INFO  : Context for processor 'ps7_cortexa9_0' is selected.
22:51:15 INFO  : The application 'D:/EmbeddedVitis/axi_gpio2/vitis/axi_gpio2/Debug/axi_gpio2.elf' is downloaded to processor 'ps7_cortexa9_0'.
22:51:15 INFO  : 'configparams force-mem-access 0' command is executed.
22:51:15 INFO  : ----------------XSDB Script----------------
connect -url tcp:127.0.0.1:3121
targets -set -nocase -filter {name =~"APU*"}
rst -system
after 3000
targets -set -filter {jtag_cable_name =~ "Digilent JTAG-SMT2 210251A08870" && level==0 && jtag_device_ctx=="jsn-JTAG-SMT2-210251A08870-13722093-0"}
fpga -file D:/EmbeddedVitis/axi_gpio2/vitis/axi_gpio2/_ide/bitstream/axi_gpio2_wrapper.bit
targets -set -nocase -filter {name =~"APU*"}
loadhw -hw D:/EmbeddedVitis/axi_gpio2/vitis/axi_gpio2_wrapper/export/axi_gpio2_wrapper/hw/axi_gpio2_wrapper.xsa -mem-ranges [list {0x40000000 0xbfffffff}] -regs
configparams force-mem-access 1
targets -set -nocase -filter {name =~"APU*"}
source D:/EmbeddedVitis/axi_gpio2/vitis/axi_gpio2/_ide/psinit/ps7_init.tcl
ps7_init
ps7_post_config
targets -set -nocase -filter {name =~ "*A9*#0"}
dow D:/EmbeddedVitis/axi_gpio2/vitis/axi_gpio2/Debug/axi_gpio2.elf
configparams force-mem-access 0
----------------End of Script----------------

22:51:15 INFO  : Context for processor 'ps7_cortexa9_0' is selected.
22:51:15 INFO  : 'con' command is executed.
22:51:15 INFO  : ----------------XSDB Script (After Launch)----------------
targets -set -nocase -filter {name =~ "*A9*#0"}
con
----------------End of Script----------------

22:51:15 INFO  : Launch script is exported to file 'D:\EmbeddedVitis\axi_gpio2\vitis\axi_gpio2_system\_ide\scripts\debugger_axi_gpio2-default.tcl'
22:53:29 INFO  : Checking for BSP changes to sync application flags for project 'axi_gpio2'...
22:55:29 INFO  : Checking for BSP changes to sync application flags for project 'axi_gpio2'...
22:56:29 INFO  : Checking for BSP changes to sync application flags for project 'axi_gpio2'...
22:56:36 INFO  : Disconnected from the channel tcfchan#8.
22:56:37 INFO  : Connected to target on host '127.0.0.1' and port '3121'.
22:56:37 INFO  : Jtag cable 'Digilent JTAG-SMT2 210251A08870' is selected.
22:56:37 INFO  : 'jtag frequency' command is executed.
22:56:37 INFO  : Context for 'APU' is selected.
22:56:37 INFO  : System reset is completed.
22:56:40 INFO  : 'after 3000' command is executed.
22:56:40 INFO  : 'targets -set -filter {jtag_cable_name =~ "Digilent JTAG-SMT2 210251A08870" && level==0 && jtag_device_ctx=="jsn-JTAG-SMT2-210251A08870-13722093-0"}' command is executed.
22:56:41 INFO  : Device configured successfully with "D:/EmbeddedVitis/axi_gpio2/vitis/axi_gpio2/_ide/bitstream/axi_gpio2_wrapper.bit"
22:56:41 INFO  : Context for 'APU' is selected.
22:56:41 INFO  : Hardware design and registers information is loaded from 'D:/EmbeddedVitis/axi_gpio2/vitis/axi_gpio2_wrapper/export/axi_gpio2_wrapper/hw/axi_gpio2_wrapper.xsa'.
22:56:41 INFO  : 'configparams force-mem-access 1' command is executed.
22:56:41 INFO  : Context for 'APU' is selected.
22:56:41 INFO  : Sourcing of 'D:/EmbeddedVitis/axi_gpio2/vitis/axi_gpio2/_ide/psinit/ps7_init.tcl' is done.
22:56:41 INFO  : 'ps7_init' command is executed.
22:56:41 INFO  : 'ps7_post_config' command is executed.
22:56:41 INFO  : Context for processor 'ps7_cortexa9_0' is selected.
22:56:42 INFO  : The application 'D:/EmbeddedVitis/axi_gpio2/vitis/axi_gpio2/Debug/axi_gpio2.elf' is downloaded to processor 'ps7_cortexa9_0'.
22:56:42 INFO  : 'configparams force-mem-access 0' command is executed.
22:56:42 INFO  : ----------------XSDB Script----------------
connect -url tcp:127.0.0.1:3121
targets -set -nocase -filter {name =~"APU*"}
rst -system
after 3000
targets -set -filter {jtag_cable_name =~ "Digilent JTAG-SMT2 210251A08870" && level==0 && jtag_device_ctx=="jsn-JTAG-SMT2-210251A08870-13722093-0"}
fpga -file D:/EmbeddedVitis/axi_gpio2/vitis/axi_gpio2/_ide/bitstream/axi_gpio2_wrapper.bit
targets -set -nocase -filter {name =~"APU*"}
loadhw -hw D:/EmbeddedVitis/axi_gpio2/vitis/axi_gpio2_wrapper/export/axi_gpio2_wrapper/hw/axi_gpio2_wrapper.xsa -mem-ranges [list {0x40000000 0xbfffffff}] -regs
configparams force-mem-access 1
targets -set -nocase -filter {name =~"APU*"}
source D:/EmbeddedVitis/axi_gpio2/vitis/axi_gpio2/_ide/psinit/ps7_init.tcl
ps7_init
ps7_post_config
targets -set -nocase -filter {name =~ "*A9*#0"}
dow D:/EmbeddedVitis/axi_gpio2/vitis/axi_gpio2/Debug/axi_gpio2.elf
configparams force-mem-access 0
----------------End of Script----------------

22:56:42 INFO  : Context for processor 'ps7_cortexa9_0' is selected.
22:56:42 INFO  : 'con' command is executed.
22:56:42 INFO  : ----------------XSDB Script (After Launch)----------------
targets -set -nocase -filter {name =~ "*A9*#0"}
con
----------------End of Script----------------

22:56:42 INFO  : Launch script is exported to file 'D:\EmbeddedVitis\axi_gpio2\vitis\axi_gpio2_system\_ide\scripts\debugger_axi_gpio2-default.tcl'
13:25:16 INFO  : Checking for BSP changes to sync application flags for project 'axi_gpio2'...
13:26:00 INFO  : Disconnected from the channel tcfchan#9.
13:26:01 INFO  : Connected to target on host '127.0.0.1' and port '3121'.
13:26:01 INFO  : Jtag cable 'Digilent JTAG-SMT2 210251A08870' is selected.
13:26:01 INFO  : 'jtag frequency' command is executed.
13:26:01 INFO  : Context for 'APU' is selected.
13:26:01 INFO  : System reset is completed.
13:26:04 INFO  : 'after 3000' command is executed.
13:26:04 INFO  : 'targets -set -filter {jtag_cable_name =~ "Digilent JTAG-SMT2 210251A08870" && level==0 && jtag_device_ctx=="jsn-JTAG-SMT2-210251A08870-13722093-0"}' command is executed.
13:26:05 INFO  : Device configured successfully with "D:/EmbeddedVitis/axi_gpio2/vitis/axi_gpio2/_ide/bitstream/axi_gpio2_wrapper.bit"
13:26:05 INFO  : Context for 'APU' is selected.
13:26:05 INFO  : Hardware design and registers information is loaded from 'D:/EmbeddedVitis/axi_gpio2/vitis/axi_gpio2_wrapper/export/axi_gpio2_wrapper/hw/axi_gpio2_wrapper.xsa'.
13:26:05 INFO  : 'configparams force-mem-access 1' command is executed.
13:26:05 INFO  : Context for 'APU' is selected.
13:26:05 INFO  : Sourcing of 'D:/EmbeddedVitis/axi_gpio2/vitis/axi_gpio2/_ide/psinit/ps7_init.tcl' is done.
13:26:05 INFO  : 'ps7_init' command is executed.
13:26:05 INFO  : 'ps7_post_config' command is executed.
13:26:05 INFO  : Context for processor 'ps7_cortexa9_0' is selected.
13:26:06 INFO  : The application 'D:/EmbeddedVitis/axi_gpio2/vitis/axi_gpio2/Debug/axi_gpio2.elf' is downloaded to processor 'ps7_cortexa9_0'.
13:26:06 INFO  : 'configparams force-mem-access 0' command is executed.
13:26:06 INFO  : ----------------XSDB Script----------------
connect -url tcp:127.0.0.1:3121
targets -set -nocase -filter {name =~"APU*"}
rst -system
after 3000
targets -set -filter {jtag_cable_name =~ "Digilent JTAG-SMT2 210251A08870" && level==0 && jtag_device_ctx=="jsn-JTAG-SMT2-210251A08870-13722093-0"}
fpga -file D:/EmbeddedVitis/axi_gpio2/vitis/axi_gpio2/_ide/bitstream/axi_gpio2_wrapper.bit
targets -set -nocase -filter {name =~"APU*"}
loadhw -hw D:/EmbeddedVitis/axi_gpio2/vitis/axi_gpio2_wrapper/export/axi_gpio2_wrapper/hw/axi_gpio2_wrapper.xsa -mem-ranges [list {0x40000000 0xbfffffff}] -regs
configparams force-mem-access 1
targets -set -nocase -filter {name =~"APU*"}
source D:/EmbeddedVitis/axi_gpio2/vitis/axi_gpio2/_ide/psinit/ps7_init.tcl
ps7_init
ps7_post_config
targets -set -nocase -filter {name =~ "*A9*#0"}
dow D:/EmbeddedVitis/axi_gpio2/vitis/axi_gpio2/Debug/axi_gpio2.elf
configparams force-mem-access 0
----------------End of Script----------------

13:26:06 INFO  : Context for processor 'ps7_cortexa9_0' is selected.
13:26:06 INFO  : 'con' command is executed.
13:26:06 INFO  : ----------------XSDB Script (After Launch)----------------
targets -set -nocase -filter {name =~ "*A9*#0"}
con
----------------End of Script----------------

13:26:06 INFO  : Launch script is exported to file 'D:\EmbeddedVitis\axi_gpio2\vitis\axi_gpio2_system\_ide\scripts\debugger_axi_gpio2-default.tcl'
13:47:55 INFO  : Checking for BSP changes to sync application flags for project 'axi_gpio2'...
13:48:04 INFO  : Disconnected from the channel tcfchan#10.
13:48:05 INFO  : Connected to target on host '127.0.0.1' and port '3121'.
13:48:06 INFO  : Jtag cable 'Digilent JTAG-SMT2 210251A08870' is selected.
13:48:06 INFO  : 'jtag frequency' command is executed.
13:48:06 INFO  : Context for 'APU' is selected.
13:48:06 INFO  : System reset is completed.
13:48:09 INFO  : 'after 3000' command is executed.
13:48:09 INFO  : 'targets -set -filter {jtag_cable_name =~ "Digilent JTAG-SMT2 210251A08870" && level==0 && jtag_device_ctx=="jsn-JTAG-SMT2-210251A08870-13722093-0"}' command is executed.
13:48:10 INFO  : Device configured successfully with "D:/EmbeddedVitis/axi_gpio2/vitis/axi_gpio2/_ide/bitstream/axi_gpio2_wrapper.bit"
13:48:10 INFO  : Context for 'APU' is selected.
13:48:10 INFO  : Hardware design and registers information is loaded from 'D:/EmbeddedVitis/axi_gpio2/vitis/axi_gpio2_wrapper/export/axi_gpio2_wrapper/hw/axi_gpio2_wrapper.xsa'.
13:48:10 INFO  : 'configparams force-mem-access 1' command is executed.
13:48:10 INFO  : Context for 'APU' is selected.
13:48:10 INFO  : Sourcing of 'D:/EmbeddedVitis/axi_gpio2/vitis/axi_gpio2/_ide/psinit/ps7_init.tcl' is done.
13:48:10 INFO  : 'ps7_init' command is executed.
13:48:10 INFO  : 'ps7_post_config' command is executed.
13:48:10 INFO  : Context for processor 'ps7_cortexa9_0' is selected.
13:48:11 INFO  : The application 'D:/EmbeddedVitis/axi_gpio2/vitis/axi_gpio2/Debug/axi_gpio2.elf' is downloaded to processor 'ps7_cortexa9_0'.
13:48:11 INFO  : 'configparams force-mem-access 0' command is executed.
13:48:11 INFO  : ----------------XSDB Script----------------
connect -url tcp:127.0.0.1:3121
targets -set -nocase -filter {name =~"APU*"}
rst -system
after 3000
targets -set -filter {jtag_cable_name =~ "Digilent JTAG-SMT2 210251A08870" && level==0 && jtag_device_ctx=="jsn-JTAG-SMT2-210251A08870-13722093-0"}
fpga -file D:/EmbeddedVitis/axi_gpio2/vitis/axi_gpio2/_ide/bitstream/axi_gpio2_wrapper.bit
targets -set -nocase -filter {name =~"APU*"}
loadhw -hw D:/EmbeddedVitis/axi_gpio2/vitis/axi_gpio2_wrapper/export/axi_gpio2_wrapper/hw/axi_gpio2_wrapper.xsa -mem-ranges [list {0x40000000 0xbfffffff}] -regs
configparams force-mem-access 1
targets -set -nocase -filter {name =~"APU*"}
source D:/EmbeddedVitis/axi_gpio2/vitis/axi_gpio2/_ide/psinit/ps7_init.tcl
ps7_init
ps7_post_config
targets -set -nocase -filter {name =~ "*A9*#0"}
dow D:/EmbeddedVitis/axi_gpio2/vitis/axi_gpio2/Debug/axi_gpio2.elf
configparams force-mem-access 0
----------------End of Script----------------

13:48:11 INFO  : Context for processor 'ps7_cortexa9_0' is selected.
13:48:11 INFO  : 'con' command is executed.
13:48:11 INFO  : ----------------XSDB Script (After Launch)----------------
targets -set -nocase -filter {name =~ "*A9*#0"}
con
----------------End of Script----------------

13:48:11 INFO  : Launch script is exported to file 'D:\EmbeddedVitis\axi_gpio2\vitis\axi_gpio2_system\_ide\scripts\debugger_axi_gpio2-default.tcl'
13:51:13 INFO  : Checking for BSP changes to sync application flags for project 'axi_gpio2'...
13:51:21 INFO  : Disconnected from the channel tcfchan#11.
13:51:22 INFO  : Connected to target on host '127.0.0.1' and port '3121'.
13:51:23 INFO  : Jtag cable 'Digilent JTAG-SMT2 210251A08870' is selected.
13:51:23 INFO  : 'jtag frequency' command is executed.
13:51:23 INFO  : Context for 'APU' is selected.
13:51:23 INFO  : System reset is completed.
13:51:26 INFO  : 'after 3000' command is executed.
13:51:26 INFO  : 'targets -set -filter {jtag_cable_name =~ "Digilent JTAG-SMT2 210251A08870" && level==0 && jtag_device_ctx=="jsn-JTAG-SMT2-210251A08870-13722093-0"}' command is executed.
13:51:27 INFO  : Device configured successfully with "D:/EmbeddedVitis/axi_gpio2/vitis/axi_gpio2/_ide/bitstream/axi_gpio2_wrapper.bit"
13:51:27 INFO  : Context for 'APU' is selected.
13:51:27 INFO  : Hardware design and registers information is loaded from 'D:/EmbeddedVitis/axi_gpio2/vitis/axi_gpio2_wrapper/export/axi_gpio2_wrapper/hw/axi_gpio2_wrapper.xsa'.
13:51:27 INFO  : 'configparams force-mem-access 1' command is executed.
13:51:27 INFO  : Context for 'APU' is selected.
13:51:27 INFO  : Sourcing of 'D:/EmbeddedVitis/axi_gpio2/vitis/axi_gpio2/_ide/psinit/ps7_init.tcl' is done.
13:51:27 INFO  : 'ps7_init' command is executed.
13:51:27 INFO  : 'ps7_post_config' command is executed.
13:51:27 INFO  : Context for processor 'ps7_cortexa9_0' is selected.
13:51:28 INFO  : The application 'D:/EmbeddedVitis/axi_gpio2/vitis/axi_gpio2/Debug/axi_gpio2.elf' is downloaded to processor 'ps7_cortexa9_0'.
13:51:28 INFO  : 'configparams force-mem-access 0' command is executed.
13:51:28 INFO  : ----------------XSDB Script----------------
connect -url tcp:127.0.0.1:3121
targets -set -nocase -filter {name =~"APU*"}
rst -system
after 3000
targets -set -filter {jtag_cable_name =~ "Digilent JTAG-SMT2 210251A08870" && level==0 && jtag_device_ctx=="jsn-JTAG-SMT2-210251A08870-13722093-0"}
fpga -file D:/EmbeddedVitis/axi_gpio2/vitis/axi_gpio2/_ide/bitstream/axi_gpio2_wrapper.bit
targets -set -nocase -filter {name =~"APU*"}
loadhw -hw D:/EmbeddedVitis/axi_gpio2/vitis/axi_gpio2_wrapper/export/axi_gpio2_wrapper/hw/axi_gpio2_wrapper.xsa -mem-ranges [list {0x40000000 0xbfffffff}] -regs
configparams force-mem-access 1
targets -set -nocase -filter {name =~"APU*"}
source D:/EmbeddedVitis/axi_gpio2/vitis/axi_gpio2/_ide/psinit/ps7_init.tcl
ps7_init
ps7_post_config
targets -set -nocase -filter {name =~ "*A9*#0"}
dow D:/EmbeddedVitis/axi_gpio2/vitis/axi_gpio2/Debug/axi_gpio2.elf
configparams force-mem-access 0
----------------End of Script----------------

13:51:28 INFO  : Context for processor 'ps7_cortexa9_0' is selected.
13:51:28 INFO  : 'con' command is executed.
13:51:28 INFO  : ----------------XSDB Script (After Launch)----------------
targets -set -nocase -filter {name =~ "*A9*#0"}
con
----------------End of Script----------------

13:51:28 INFO  : Launch script is exported to file 'D:\EmbeddedVitis\axi_gpio2\vitis\axi_gpio2_system\_ide\scripts\debugger_axi_gpio2-default.tcl'
13:57:36 INFO  : Checking for BSP changes to sync application flags for project 'axi_gpio2'...
13:57:41 INFO  : Disconnected from the channel tcfchan#12.
13:57:42 INFO  : Connected to target on host '127.0.0.1' and port '3121'.
13:57:43 INFO  : Jtag cable 'Digilent JTAG-SMT2 210251A08870' is selected.
13:57:43 INFO  : 'jtag frequency' command is executed.
13:57:43 INFO  : Context for 'APU' is selected.
13:57:43 INFO  : System reset is completed.
13:57:46 INFO  : 'after 3000' command is executed.
13:57:46 INFO  : 'targets -set -filter {jtag_cable_name =~ "Digilent JTAG-SMT2 210251A08870" && level==0 && jtag_device_ctx=="jsn-JTAG-SMT2-210251A08870-13722093-0"}' command is executed.
13:57:47 INFO  : Device configured successfully with "D:/EmbeddedVitis/axi_gpio2/vitis/axi_gpio2/_ide/bitstream/axi_gpio2_wrapper.bit"
13:57:47 INFO  : Context for 'APU' is selected.
13:57:47 INFO  : Hardware design and registers information is loaded from 'D:/EmbeddedVitis/axi_gpio2/vitis/axi_gpio2_wrapper/export/axi_gpio2_wrapper/hw/axi_gpio2_wrapper.xsa'.
13:57:47 INFO  : 'configparams force-mem-access 1' command is executed.
13:57:47 INFO  : Context for 'APU' is selected.
13:57:47 INFO  : Sourcing of 'D:/EmbeddedVitis/axi_gpio2/vitis/axi_gpio2/_ide/psinit/ps7_init.tcl' is done.
13:57:47 INFO  : 'ps7_init' command is executed.
13:57:47 INFO  : 'ps7_post_config' command is executed.
13:57:47 INFO  : Context for processor 'ps7_cortexa9_0' is selected.
13:57:48 INFO  : The application 'D:/EmbeddedVitis/axi_gpio2/vitis/axi_gpio2/Debug/axi_gpio2.elf' is downloaded to processor 'ps7_cortexa9_0'.
13:57:48 INFO  : 'configparams force-mem-access 0' command is executed.
13:57:48 INFO  : ----------------XSDB Script----------------
connect -url tcp:127.0.0.1:3121
targets -set -nocase -filter {name =~"APU*"}
rst -system
after 3000
targets -set -filter {jtag_cable_name =~ "Digilent JTAG-SMT2 210251A08870" && level==0 && jtag_device_ctx=="jsn-JTAG-SMT2-210251A08870-13722093-0"}
fpga -file D:/EmbeddedVitis/axi_gpio2/vitis/axi_gpio2/_ide/bitstream/axi_gpio2_wrapper.bit
targets -set -nocase -filter {name =~"APU*"}
loadhw -hw D:/EmbeddedVitis/axi_gpio2/vitis/axi_gpio2_wrapper/export/axi_gpio2_wrapper/hw/axi_gpio2_wrapper.xsa -mem-ranges [list {0x40000000 0xbfffffff}] -regs
configparams force-mem-access 1
targets -set -nocase -filter {name =~"APU*"}
source D:/EmbeddedVitis/axi_gpio2/vitis/axi_gpio2/_ide/psinit/ps7_init.tcl
ps7_init
ps7_post_config
targets -set -nocase -filter {name =~ "*A9*#0"}
dow D:/EmbeddedVitis/axi_gpio2/vitis/axi_gpio2/Debug/axi_gpio2.elf
configparams force-mem-access 0
----------------End of Script----------------

13:57:48 INFO  : Context for processor 'ps7_cortexa9_0' is selected.
13:57:48 INFO  : 'con' command is executed.
13:57:48 INFO  : ----------------XSDB Script (After Launch)----------------
targets -set -nocase -filter {name =~ "*A9*#0"}
con
----------------End of Script----------------

13:57:48 INFO  : Launch script is exported to file 'D:\EmbeddedVitis\axi_gpio2\vitis\axi_gpio2_system\_ide\scripts\debugger_axi_gpio2-default.tcl'
14:25:18 INFO  : Checking for BSP changes to sync application flags for project 'axi_gpio2'...
14:25:31 INFO  : Checking for BSP changes to sync application flags for project 'axi_gpio2'...
14:25:40 INFO  : Disconnected from the channel tcfchan#13.
14:25:41 INFO  : Connected to target on host '127.0.0.1' and port '3121'.
14:25:59 INFO  : ----------------XSDB Script----------------
connect -url tcp:127.0.0.1:3121
----------------End of Script----------------

14:25:59 ERROR : Could not find ARM device on the board for connection 'Local'.
Check if the target is in:
1. Split JTAG - No operations are possible with ARM DAP.
2. Non JTAG bootmode - Bootrom may need time to enable DAP.
Please try again.


Troubleshooting hints:
1. Check whether board is connected to system properly.
2. In case of zynq board, check whether Digilent/Xilinx cable switch settings are correct.
3. If you are using Xilinx Platform Cable USB, ensure that status LED is green.
14:26:38 INFO  : Connected to target on host '127.0.0.1' and port '3121'.
14:26:56 INFO  : ----------------XSDB Script----------------
connect -url tcp:127.0.0.1:3121
----------------End of Script----------------

14:26:56 ERROR : Could not find ARM device on the board for connection 'Local'.
Check if the target is in:
1. Split JTAG - No operations are possible with ARM DAP.
2. Non JTAG bootmode - Bootrom may need time to enable DAP.
Please try again.


Troubleshooting hints:
1. Check whether board is connected to system properly.
2. In case of zynq board, check whether Digilent/Xilinx cable switch settings are correct.
3. If you are using Xilinx Platform Cable USB, ensure that status LED is green.
14:27:34 INFO  : Connected to target on host '127.0.0.1' and port '3121'.
14:27:40 INFO  : Jtag cable 'Digilent JTAG-SMT2 210251A08870' is selected.
14:27:40 INFO  : 'jtag frequency' command is executed.
14:27:40 INFO  : Context for 'APU' is selected.
14:27:40 INFO  : System reset is completed.
14:27:43 INFO  : 'after 3000' command is executed.
14:27:43 INFO  : 'targets -set -filter {jtag_cable_name =~ "Digilent JTAG-SMT2 210251A08870" && level==0 && jtag_device_ctx=="jsn-JTAG-SMT2-210251A08870-13722093-0"}' command is executed.
14:27:44 INFO  : Device configured successfully with "D:/EmbeddedVitis/axi_gpio2/vitis/axi_gpio2/_ide/bitstream/axi_gpio2_wrapper.bit"
14:27:44 INFO  : Context for 'APU' is selected.
14:27:44 INFO  : Hardware design and registers information is loaded from 'D:/EmbeddedVitis/axi_gpio2/vitis/axi_gpio2_wrapper/export/axi_gpio2_wrapper/hw/axi_gpio2_wrapper.xsa'.
14:27:44 INFO  : 'configparams force-mem-access 1' command is executed.
14:27:44 INFO  : Context for 'APU' is selected.
14:27:44 INFO  : Sourcing of 'D:/EmbeddedVitis/axi_gpio2/vitis/axi_gpio2/_ide/psinit/ps7_init.tcl' is done.
14:27:45 INFO  : 'ps7_init' command is executed.
14:27:45 INFO  : 'ps7_post_config' command is executed.
14:27:45 INFO  : Context for processor 'ps7_cortexa9_0' is selected.
14:27:45 INFO  : The application 'D:/EmbeddedVitis/axi_gpio2/vitis/axi_gpio2/Debug/axi_gpio2.elf' is downloaded to processor 'ps7_cortexa9_0'.
14:27:45 INFO  : 'configparams force-mem-access 0' command is executed.
14:27:45 INFO  : ----------------XSDB Script----------------
connect -url tcp:127.0.0.1:3121
targets -set -nocase -filter {name =~"APU*"}
rst -system
after 3000
targets -set -filter {jtag_cable_name =~ "Digilent JTAG-SMT2 210251A08870" && level==0 && jtag_device_ctx=="jsn-JTAG-SMT2-210251A08870-13722093-0"}
fpga -file D:/EmbeddedVitis/axi_gpio2/vitis/axi_gpio2/_ide/bitstream/axi_gpio2_wrapper.bit
targets -set -nocase -filter {name =~"APU*"}
loadhw -hw D:/EmbeddedVitis/axi_gpio2/vitis/axi_gpio2_wrapper/export/axi_gpio2_wrapper/hw/axi_gpio2_wrapper.xsa -mem-ranges [list {0x40000000 0xbfffffff}] -regs
configparams force-mem-access 1
targets -set -nocase -filter {name =~"APU*"}
source D:/EmbeddedVitis/axi_gpio2/vitis/axi_gpio2/_ide/psinit/ps7_init.tcl
ps7_init
ps7_post_config
targets -set -nocase -filter {name =~ "*A9*#0"}
dow D:/EmbeddedVitis/axi_gpio2/vitis/axi_gpio2/Debug/axi_gpio2.elf
configparams force-mem-access 0
----------------End of Script----------------

14:27:45 INFO  : Context for processor 'ps7_cortexa9_0' is selected.
14:27:45 INFO  : 'con' command is executed.
14:27:45 INFO  : ----------------XSDB Script (After Launch)----------------
targets -set -nocase -filter {name =~ "*A9*#0"}
con
----------------End of Script----------------

14:27:45 INFO  : Launch script is exported to file 'D:\EmbeddedVitis\axi_gpio2\vitis\axi_gpio2_system\_ide\scripts\debugger_axi_gpio2-default.tcl'
15:20:31 INFO  : Disconnected from the channel tcfchan#14.
