16:30:18 INFO  : Launching XSCT server: xsct.bat -n  -interactive D:\EmbeddedVitis\gpio_emio\vitis\temp_xsdb_launch_script.tcl
16:30:18 INFO  : Registering command handlers for Vitis TCF services
16:30:20 INFO  : XSCT server has started successfully.
16:30:21 INFO  : Platform repository initialization has completed.
16:30:24 INFO  : Successfully done setting XSCT server connection channel  
16:30:24 INFO  : plnx-install-location is set to ''
16:30:24 INFO  : Successfully done query RDI_DATADIR 
16:30:24 INFO  : Successfully done setting workspace for the tool. 
16:32:40 INFO  : Result from executing command 'getProjects': gpio_emio_wrapper
16:32:40 INFO  : Result from executing command 'getPlatforms': 
16:32:40 WARN  : An unexpected exception occurred in the module 'platform project logging'
16:32:40 INFO  : Platform 'gpio_emio_wrapper' is added to custom repositories.
16:32:47 INFO  : Platform 'gpio_emio_wrapper' is added to custom repositories.
14:57:20 INFO  : Launching XSCT server: xsct.bat -n  -interactive D:\EmbeddedVitis\gpio_emio\vitis\temp_xsdb_launch_script.tcl
14:57:23 INFO  : XSCT server has started successfully.
14:57:23 INFO  : Successfully done setting XSCT server connection channel  
14:57:23 INFO  : plnx-install-location is set to ''
14:57:23 INFO  : Successfully done setting workspace for the tool. 
14:57:27 INFO  : Platform repository initialization has completed.
14:57:27 INFO  : Registering command handlers for Vitis TCF services
14:57:31 INFO  : Successfully done query RDI_DATADIR 
16:17:30 INFO  : Result from executing command 'getProjects': gpio_emio_wrapper
16:17:30 INFO  : Result from executing command 'getPlatforms': gpio_emio_wrapper|D:/EmbeddedVitis/gpio_emio/vitis/gpio_emio_wrapper/export/gpio_emio_wrapper/gpio_emio_wrapper.xpfm
16:17:30 INFO  : Checking for BSP changes to sync application flags for project 'gpio_emio'...
16:18:08 INFO  : Checking for BSP changes to sync application flags for project 'gpio_emio'...
16:19:25 INFO  : Connected to target on host '127.0.0.1' and port '3121'.
16:19:43 INFO  : ----------------XSDB Script----------------
connect -url tcp:127.0.0.1:3121
----------------End of Script----------------

16:19:43 ERROR : Could not find ARM device on the board for connection 'Local'.
Check if the target is in:
1. Split JTAG - No operations are possible with ARM DAP.
2. Non JTAG bootmode - Bootrom may need time to enable DAP.
Please try again.


Troubleshooting hints:
1. Check whether board is connected to system properly.
2. In case of zynq board, check whether Digilent/Xilinx cable switch settings are correct.
3. If you are using Xilinx Platform Cable USB, ensure that status LED is green.
16:20:11 INFO  : Connected to target on host '127.0.0.1' and port '3121'.
16:20:29 INFO  : ----------------XSDB Script----------------
connect -url tcp:127.0.0.1:3121
----------------End of Script----------------

16:20:29 ERROR : Could not find ARM device on the board for connection 'Local'.
Check if the target is in:
1. Split JTAG - No operations are possible with ARM DAP.
2. Non JTAG bootmode - Bootrom may need time to enable DAP.
Please try again.


Troubleshooting hints:
1. Check whether board is connected to system properly.
2. In case of zynq board, check whether Digilent/Xilinx cable switch settings are correct.
3. If you are using Xilinx Platform Cable USB, ensure that status LED is green.
16:20:55 INFO  : Connected to target on host '127.0.0.1' and port '3121'.
16:20:56 INFO  : Jtag cable 'Digilent JTAG-SMT2 210251A08870' is selected.
16:20:56 INFO  : 'jtag frequency' command is executed.
16:20:56 INFO  : Context for 'APU' is selected.
16:20:56 INFO  : System reset is completed.
16:20:59 INFO  : 'after 3000' command is executed.
16:20:59 INFO  : 'targets -set -filter {jtag_cable_name =~ "Digilent JTAG-SMT2 210251A08870" && level==0 && jtag_device_ctx=="jsn-JTAG-SMT2-210251A08870-13722093-0"}' command is executed.
16:21:00 INFO  : Device configured successfully with "D:/EmbeddedVitis/gpio_emio/vitis/gpio_emio/_ide/bitstream/gpio_emio_wrapper.bit"
16:21:00 INFO  : Context for 'APU' is selected.
16:21:00 INFO  : Hardware design and registers information is loaded from 'D:/EmbeddedVitis/gpio_emio/vitis/gpio_emio_wrapper/export/gpio_emio_wrapper/hw/gpio_emio_wrapper.xsa'.
16:21:00 INFO  : 'configparams force-mem-access 1' command is executed.
16:21:00 INFO  : Context for 'APU' is selected.
16:21:00 INFO  : Sourcing of 'D:/EmbeddedVitis/gpio_emio/vitis/gpio_emio/_ide/psinit/ps7_init.tcl' is done.
16:21:00 INFO  : 'ps7_init' command is executed.
16:21:00 INFO  : 'ps7_post_config' command is executed.
16:21:00 INFO  : Context for processor 'ps7_cortexa9_0' is selected.
16:21:01 INFO  : The application 'D:/EmbeddedVitis/gpio_emio/vitis/gpio_emio/Debug/gpio_emio.elf' is downloaded to processor 'ps7_cortexa9_0'.
16:21:01 INFO  : 'configparams force-mem-access 0' command is executed.
16:21:01 INFO  : ----------------XSDB Script----------------
connect -url tcp:127.0.0.1:3121
targets -set -nocase -filter {name =~"APU*"}
rst -system
after 3000
targets -set -filter {jtag_cable_name =~ "Digilent JTAG-SMT2 210251A08870" && level==0 && jtag_device_ctx=="jsn-JTAG-SMT2-210251A08870-13722093-0"}
fpga -file D:/EmbeddedVitis/gpio_emio/vitis/gpio_emio/_ide/bitstream/gpio_emio_wrapper.bit
targets -set -nocase -filter {name =~"APU*"}
loadhw -hw D:/EmbeddedVitis/gpio_emio/vitis/gpio_emio_wrapper/export/gpio_emio_wrapper/hw/gpio_emio_wrapper.xsa -mem-ranges [list {0x40000000 0xbfffffff}] -regs
configparams force-mem-access 1
targets -set -nocase -filter {name =~"APU*"}
source D:/EmbeddedVitis/gpio_emio/vitis/gpio_emio/_ide/psinit/ps7_init.tcl
ps7_init
ps7_post_config
targets -set -nocase -filter {name =~ "*A9*#0"}
dow D:/EmbeddedVitis/gpio_emio/vitis/gpio_emio/Debug/gpio_emio.elf
configparams force-mem-access 0
----------------End of Script----------------

16:21:01 INFO  : Context for processor 'ps7_cortexa9_0' is selected.
16:21:01 INFO  : 'con' command is executed.
16:21:01 INFO  : ----------------XSDB Script (After Launch)----------------
targets -set -nocase -filter {name =~ "*A9*#0"}
con
----------------End of Script----------------

16:21:01 INFO  : Launch script is exported to file 'D:\EmbeddedVitis\gpio_emio\vitis\gpio_emio_system\_ide\scripts\debugger_gpio_emio-default.tcl'
21:12:10 INFO  : Disconnected from the channel tcfchan#2.
